[1.087s] DEBUG:colcon:Command line arguments: ['/usr/local/bin/colcon', 'build']
[1.088s] DEBUG:colcon:Parsed command line arguments: Namespace(log_base=None, log_level=None, verb_name='build', build_base='build', install_base='install', merge_install=False, symlink_install=False, test_result_base=None, continue_on_error=False, executor='parallel', parallel_workers=16, event_handlers=None, ignore_user_meta=False, metas=['./colcon.meta'], base_paths=['.'], packages_ignore=None, packages_ignore_regex=None, paths=None, packages_up_to=None, packages_up_to_regex=None, packages_above=None, packages_above_and_dependencies=None, packages_above_depth=None, packages_select_by_dep=None, packages_skip_by_dep=None, packages_skip_up_to=None, packages_select_build_failed=False, packages_skip_build_finished=False, packages_select_test_failures=False, packages_skip_test_passed=False, packages_select=None, packages_skip=None, packages_select_regex=None, packages_skip_regex=None, packages_start=None, packages_end=None, allow_overriding=[], cmake_args=None, cmake_target=None, cmake_target_skip_unavailable=False, cmake_clean_cache=False, cmake_clean_first=False, cmake_force_configure=False, ament_cmake_args=None, catkin_cmake_args=None, catkin_skip_building_tests=False, verb_parser=<colcon_defaults.argument_parser.defaults.DefaultArgumentsDecorator object at 0x7f0702381ed0>, verb_extension=<colcon_core.verb.build.BuildVerb object at 0x7f07027d7220>, main=<bound method BuildVerb.main of <colcon_core.verb.build.BuildVerb object at 0x7f07027d7220>>)
[1.166s] Level 1:colcon.colcon_core.package_discovery:discover_packages(colcon_meta) check parameters
[1.167s] Level 1:colcon.colcon_core.package_discovery:discover_packages(recursive) check parameters
[1.167s] Level 1:colcon.colcon_core.package_discovery:discover_packages(ignore) check parameters
[1.167s] Level 1:colcon.colcon_core.package_discovery:discover_packages(path) check parameters
[1.168s] Level 1:colcon.colcon_core.package_discovery:discover_packages(colcon_meta) discover
[1.168s] Level 1:colcon.colcon_core.package_discovery:discover_packages(recursive) discover
[1.168s] INFO:colcon.colcon_core.package_discovery:Crawling recursively for packages in '/root/ws/assets/package-01'
[1.169s] Level 1:colcon.colcon_core.package_identification:_identify(.) by extensions ['ignore', 'ignore_ament_install']
[1.169s] Level 1:colcon.colcon_core.package_identification:_identify(.) by extension 'ignore'
[1.170s] Level 1:colcon.colcon_core.package_identification:_identify(.) by extension 'ignore_ament_install'
[1.170s] Level 1:colcon.colcon_core.package_identification:_identify(.) by extensions ['colcon_pkg']
[1.170s] Level 1:colcon.colcon_core.package_identification:_identify(.) by extension 'colcon_pkg'
[1.170s] Level 1:colcon.colcon_core.package_identification:_identify(.) by extensions ['colcon_meta']
[1.171s] Level 1:colcon.colcon_core.package_identification:_identify(.) by extension 'colcon_meta'
[1.171s] Level 1:colcon.colcon_core.package_identification:_identify(.) by extensions ['ros']
[1.171s] Level 1:colcon.colcon_core.package_identification:_identify(.) by extension 'ros'
[1.212s] DEBUG:colcon.colcon_core.package_identification:Failed to parse potential ROS package manifest in'.': Error(s) in package './package.xml':
The manifest contains invalid XML:
junk after document element: line 3, column 0
[1.212s] Level 1:colcon.colcon_core.package_identification:_identify(.) by extensions ['cmake', 'python']
[1.212s] Level 1:colcon.colcon_core.package_identification:_identify(.) by extension 'cmake'
[1.250s] Level 1:colcon.colcon_core.package_identification:_identify(.) by extension 'python'
[1.250s] DEBUG:colcon.colcon_core.package_identification:Package '.' with type 'cmake' and name 'package-01'
[1.250s] Level 1:colcon.colcon_core.package_discovery:discover_packages(recursive) using defaults
[1.250s] Level 1:colcon.colcon_core.package_discovery:discover_packages(ignore) discover
[1.251s] Level 1:colcon.colcon_core.package_discovery:discover_packages(ignore) using defaults
[1.251s] Level 1:colcon.colcon_core.package_discovery:discover_packages(path) discover
[1.251s] Level 1:colcon.colcon_core.package_discovery:discover_packages(path) using defaults
[1.334s] Level 1:colcon.colcon_core.package_discovery:discover_packages(prefix_path) check parameters
[1.335s] Level 1:colcon.colcon_core.package_discovery:discover_packages(prefix_path) discover
[1.369s] DEBUG:colcon.colcon_installed_package_information.package_discovery:Found 123 installed packages in /root/ws/install
[1.390s] DEBUG:colcon.colcon_installed_package_information.package_discovery:Found 354 installed packages in /opt/ros/humble
[1.392s] Level 1:colcon.colcon_core.package_discovery:discover_packages(prefix_path) using defaults
[1.868s] Level 5:colcon.colcon_core.verb:set package 'package-01' build argument 'cmake_args' from command line to 'None'
[1.868s] Level 5:colcon.colcon_core.verb:set package 'package-01' build argument 'cmake_target' from command line to 'None'
[1.868s] Level 5:colcon.colcon_core.verb:set package 'package-01' build argument 'cmake_target_skip_unavailable' from command line to 'False'
[1.868s] Level 5:colcon.colcon_core.verb:set package 'package-01' build argument 'cmake_clean_cache' from command line to 'False'
[1.868s] Level 5:colcon.colcon_core.verb:set package 'package-01' build argument 'cmake_clean_first' from command line to 'False'
[1.868s] Level 5:colcon.colcon_core.verb:set package 'package-01' build argument 'cmake_force_configure' from command line to 'False'
[1.869s] Level 5:colcon.colcon_core.verb:set package 'package-01' build argument 'ament_cmake_args' from command line to 'None'
[1.869s] Level 5:colcon.colcon_core.verb:set package 'package-01' build argument 'catkin_cmake_args' from command line to 'None'
[1.869s] Level 5:colcon.colcon_core.verb:set package 'package-01' build argument 'catkin_skip_building_tests' from command line to 'False'
[1.869s] DEBUG:colcon.colcon_core.verb:Building package 'package-01' with the following arguments: {'ament_cmake_args': None, 'build_base': '/root/ws/assets/package-01/build/package-01', 'catkin_cmake_args': None, 'catkin_skip_building_tests': False, 'cmake_args': None, 'cmake_clean_cache': False, 'cmake_clean_first': False, 'cmake_force_configure': False, 'cmake_target': None, 'cmake_target_skip_unavailable': False, 'install_base': '/root/ws/assets/package-01/install/package-01', 'merge_install': False, 'path': '/root/ws/assets/package-01', 'symlink_install': False, 'test_result_base': None}
[1.881s] INFO:colcon.colcon_core.executor:Executing jobs using 'parallel' executor
[1.893s] DEBUG:colcon.colcon_parallel_executor.executor.parallel:run_until_complete
[1.894s] INFO:colcon.colcon_cmake.task.cmake.build:Building CMake package in '/root/ws/assets/package-01'
[1.912s] INFO:colcon.colcon_core.plugin_system:Skipping extension 'colcon_core.shell.bat': Not used on non-Windows systems
[1.913s] INFO:colcon.colcon_core.shell:Skip shell extension 'powershell' for command environment: Not usable outside of PowerShell
[1.913s] DEBUG:colcon.colcon_core.shell:Skip shell extension 'dsv' for command environment
[1.985s] DEBUG:colcon.colcon_core.event_handler.log_command:Invoking command in '/root/ws/assets/package-01/build/package-01': /usr/bin/cmake /root/ws/assets/package-01 -DCMAKE_INSTALL_PREFIX=/root/ws/assets/package-01/install/package-01
[3.712s] DEBUG:colcon.colcon_core.event_handler.log_command:Invoked command in '/root/ws/assets/package-01/build/package-01' returned '1': /usr/bin/cmake /root/ws/assets/package-01 -DCMAKE_INSTALL_PREFIX=/root/ws/assets/package-01/install/package-01
[3.727s] DEBUG:colcon.colcon_parallel_executor.executor.parallel:closing loop
[3.727s] DEBUG:colcon.colcon_parallel_executor.executor.parallel:loop closed
[3.727s] DEBUG:colcon.colcon_parallel_executor.executor.parallel:run_until_complete finished with '1'
[3.728s] DEBUG:colcon.colcon_core.event_reactor:joining thread
[3.754s] INFO:colcon.colcon_core.plugin_system:Skipping extension 'colcon_notification.desktop_notification.notify_send': Could not find 'notify-send'
[3.754s] INFO:colcon.colcon_core.plugin_system:Skipping extension 'colcon_notification.desktop_notification.terminal_notifier': Not used on non-Darwin systems
[3.754s] INFO:colcon.colcon_core.plugin_system:Skipping extension 'colcon_notification.desktop_notification.win32': Not used on non-Windows systems
[3.755s] INFO:colcon.colcon_notification.desktop_notification:Sending desktop notification using 'notify2'
[3.756s] DEBUG:colcon.colcon_notification.desktop_notification.notify2:Failed to initialize notify2: org.freedesktop.DBus.Error.Spawn.ExecFailed: /usr/bin/dbus-launch terminated abnormally without any error message
[3.756s] DEBUG:colcon.colcon_core.event_reactor:joined thread
[3.770s] INFO:colcon.colcon_core.shell:Creating prefix script '/root/ws/assets/package-01/install/local_setup.ps1'
[3.775s] INFO:colcon.colcon_core.shell:Creating prefix util module '/root/ws/assets/package-01/install/_local_setup_util_ps1.py'
[3.779s] INFO:colcon.colcon_core.shell:Creating prefix chain script '/root/ws/assets/package-01/install/setup.ps1'
[3.797s] INFO:colcon.colcon_core.shell:Creating prefix script '/root/ws/assets/package-01/install/local_setup.sh'
[3.802s] INFO:colcon.colcon_core.shell:Creating prefix util module '/root/ws/assets/package-01/install/_local_setup_util_sh.py'
[3.805s] INFO:colcon.colcon_core.shell:Creating prefix chain script '/root/ws/assets/package-01/install/setup.sh'
[3.825s] INFO:colcon.colcon_core.shell:Creating prefix script '/root/ws/assets/package-01/install/local_setup.bash'
[3.829s] INFO:colcon.colcon_core.shell:Creating prefix chain script '/root/ws/assets/package-01/install/setup.bash'
[3.846s] INFO:colcon.colcon_core.shell:Creating prefix script '/root/ws/assets/package-01/install/local_setup.zsh'
[3.851s] INFO:colcon.colcon_core.shell:Creating prefix chain script '/root/ws/assets/package-01/install/setup.zsh'
