[0.185s] Invoking command in '/root/ws/assets/package-01/build/package-01': CMAKE_PREFIX_PATH=${CMAKE_PREFIX_PATH}:/opt/ros/humble /usr/bin/cmake --build /root/ws/assets/package-01/build/package-01 -- -j16 -l16
[0.346s] Invoked command in '/root/ws/assets/package-01/build/package-01' returned '0': CMAKE_PREFIX_PATH=${CMAKE_PREFIX_PATH}:/opt/ros/humble /usr/bin/cmake --build /root/ws/assets/package-01/build/package-01 -- -j16 -l16
[0.386s] Invoking command in '/root/ws/assets/package-01/build/package-01': CMAKE_PREFIX_PATH=${CMAKE_PREFIX_PATH}:/opt/ros/humble /usr/bin/cmake --install /root/ws/assets/package-01/build/package-01
[0.395s] -- Install configuration: ""
[0.402s] -- Up-to-date: /root/ws/assets/package-01/install/package-01/share/package-01/launch
[0.424s] -- Up-to-date: /root/ws/assets/package-01/install/package-01/share/package-01/launch/rs-hardware-test.launch.py
[0.443s] -- Installing: /root/ws/assets/package-01/install/package-01/share/package-01/launch/rs-igngz-test.launch.py
[0.499s] -- Up-to-date: /root/ws/assets/package-01/install/package-01/share/package-01/launch/__pycache__
[0.522s] -- Up-to-date: /root/ws/assets/package-01/install/package-01/share/package-01/launch/__pycache__/bridge_launch.cpython-310.pyc
[0.544s] -- Up-to-date: /root/ws/assets/package-01/install/package-01/share/package-01/launch/__pycache__/d435_camera_bridge.launch.cpython-310.pyc
[0.564s] -- Up-to-date: /root/ws/assets/package-01/install/package-01/share/package-01/launch/__pycache__/demo-01_sim.launch.cpython-310.pyc
[0.583s] -- Up-to-date: /root/ws/assets/package-01/install/package-01/share/package-01/launch/__pycache__/gz_sim.launch.cpython-310.pyc
[0.601s] -- Up-to-date: /root/ws/assets/package-01/install/package-01/share/package-01/launch/__pycache__/ign_launch.cpython-310.pyc
[0.619s] -- Up-to-date: /root/ws/assets/package-01/install/package-01/share/package-01/launch/__pycache__/rs-hardware-test.launch.cpython-310.pyc
[0.636s] -- Installing: /root/ws/assets/package-01/install/package-01/share/package-01/launch/__pycache__/rs-igngz-test.launch.cpython-310.pyc
[0.710s] -- Up-to-date: /root/ws/assets/package-01/install/package-01/share/package-01/launch/__pycache__/rviz_launch.cpython-310.pyc
[0.721s] -- Up-to-date: /root/ws/assets/package-01/install/package-01/share/package-01/worlds
[0.741s] -- Up-to-date: /root/ws/assets/package-01/install/package-01/share/package-01/worlds/demo-01.sdf
[0.756s] -- Up-to-date: /root/ws/assets/package-01/install/package-01/share/package-01/worlds/demo-01_alt.sdf
[0.765s] -- Up-to-date: /root/ws/assets/package-01/install/package-01/share/package-01/models
[0.779s] -- Up-to-date: /root/ws/assets/package-01/install/package-01/share/package-01/models/D435_openrobotics
[0.799s] -- Up-to-date: /root/ws/assets/package-01/install/package-01/share/package-01/models/D435_openrobotics/materials
[0.828s] -- Up-to-date: /root/ws/assets/package-01/install/package-01/share/package-01/models/D435_openrobotics/materials/scripts
[0.864s] -- Up-to-date: /root/ws/assets/package-01/install/package-01/share/package-01/models/D435_openrobotics/materials/scripts/model.material
[0.888s] -- Up-to-date: /root/ws/assets/package-01/install/package-01/share/package-01/models/D435_openrobotics/materials/scripts/model.material:Zone.Identifier
[0.906s] -- Up-to-date: /root/ws/assets/package-01/install/package-01/share/package-01/models/D435_openrobotics/materials/textures
[0.937s] -- Up-to-date: /root/ws/assets/package-01/install/package-01/share/package-01/models/D435_openrobotics/materials/textures/RealSense_Albedo.png
[0.963s] -- Up-to-date: /root/ws/assets/package-01/install/package-01/share/package-01/models/D435_openrobotics/materials/textures/RealSense_Albedo.png:Zone.Identifier
[0.995s] -- Up-to-date: /root/ws/assets/package-01/install/package-01/share/package-01/models/D435_openrobotics/materials/textures/RealSense_Metalness.png
[1.021s] -- Up-to-date: /root/ws/assets/package-01/install/package-01/share/package-01/models/D435_openrobotics/materials/textures/RealSense_Metalness.png:Zone.Identifier
[1.052s] -- Up-to-date: /root/ws/assets/package-01/install/package-01/share/package-01/models/D435_openrobotics/materials/textures/RealSense_Normal.png
[1.078s] -- Up-to-date: /root/ws/assets/package-01/install/package-01/share/package-01/models/D435_openrobotics/materials/textures/RealSense_Normal.png:Zone.Identifier
[1.109s] -- Up-to-date: /root/ws/assets/package-01/install/package-01/share/package-01/models/D435_openrobotics/materials/textures/RealSense_Roughness.png
[1.141s] -- Up-to-date: /root/ws/assets/package-01/install/package-01/share/package-01/models/D435_openrobotics/materials/textures/RealSense_Roughness.png:Zone.Identifier
[1.157s] -- Up-to-date: /root/ws/assets/package-01/install/package-01/share/package-01/models/D435_openrobotics/meshes
[1.184s] -- Up-to-date: /root/ws/assets/package-01/install/package-01/share/package-01/models/D435_openrobotics/meshes/realsense.dae
[1.207s] -- Up-to-date: /root/ws/assets/package-01/install/package-01/share/package-01/models/D435_openrobotics/meshes/realsense.dae:Zone.Identifier
[1.230s] -- Up-to-date: /root/ws/assets/package-01/install/package-01/share/package-01/models/D435_openrobotics/model.config
[1.251s] -- Up-to-date: /root/ws/assets/package-01/install/package-01/share/package-01/models/D435_openrobotics/model.config:Zone.Identifier
[1.270s] -- Up-to-date: /root/ws/assets/package-01/install/package-01/share/package-01/models/D435_openrobotics/model.sdf
[1.285s] -- Up-to-date: /root/ws/assets/package-01/install/package-01/share/package-01/models/D435_openrobotics/model.sdf:Zone.Identifier
[1.298s] -- Up-to-date: /root/ws/assets/package-01/install/package-01/share/package-01/models/D435_openrobotics/thumbnails
[1.327s] -- Up-to-date: /root/ws/assets/package-01/install/package-01/share/package-01/models/D435_openrobotics/thumbnails/1.png
[1.352s] -- Up-to-date: /root/ws/assets/package-01/install/package-01/share/package-01/models/D435_openrobotics/thumbnails/1.png:Zone.Identifier
[1.375s] -- Up-to-date: /root/ws/assets/package-01/install/package-01/share/package-01/models/D435_openrobotics/thumbnails/2.png
[1.392s] -- Up-to-date: /root/ws/assets/package-01/install/package-01/share/package-01/models/D435_openrobotics/thumbnails/2.png:Zone.Identifier
[1.415s] -- Up-to-date: /root/ws/assets/package-01/install/package-01/share/package-01/models/D435_openrobotics/thumbnails/3.png
[1.438s] -- Up-to-date: /root/ws/assets/package-01/install/package-01/share/package-01/models/D435_openrobotics/thumbnails/3.png:Zone.Identifier
[1.462s] -- Up-to-date: /root/ws/assets/package-01/install/package-01/share/package-01/models/D435_openrobotics/thumbnails/4.png
[1.485s] -- Up-to-date: /root/ws/assets/package-01/install/package-01/share/package-01/models/D435_openrobotics/thumbnails/4.png:Zone.Identifier
[1.503s] -- Up-to-date: /root/ws/assets/package-01/install/package-01/share/package-01/models/D435_openrobotics.sdf
[1.514s] -- Up-to-date: /root/ws/assets/package-01/install/package-01/share/package-01/config
[1.535s] -- Up-to-date: /root/ws/assets/package-01/install/package-01/share/package-01/config/rs-hardware-general.rviz
[1.548s] -- Up-to-date: /root/ws/assets/package-01/install/package-01/share/package-01/config/rs-hardware-test.rviz
[1.564s] -- Up-to-date: /root/ws/assets/package-01/install/package-01/share/package-01/config/rs-igngz-general.rviz
[1.581s] -- Up-to-date: /root/ws/assets/package-01/install/package-01/share/package-01/config/rs-igngz-test.rviz
[1.595s] -- Up-to-date: /root/ws/assets/package-01/install/package-01/share/package-01/config/rs-pointcloud-hardware.rviz
[1.612s] -- Up-to-date: /root/ws/assets/package-01/install/package-01/share/package-01/config/rs-pointcloud-igngz.rviz
[1.628s] -- Up-to-date: /root/ws/assets/package-01/install/package-01/share/package-01/config/rs-rgbd-hardware.rviz
[1.643s] -- Up-to-date: /root/ws/assets/package-01/install/package-01/share/package-01/config/rs-rgbd-igngz.rviz
[1.667s] -- Up-to-date: /root/ws/assets/package-01/install/package-01/share/ament_index/resource_index/package_run_dependencies/package-01
[1.696s] -- Up-to-date: /root/ws/assets/package-01/install/package-01/share/ament_index/resource_index/parent_prefix_path/package-01
[1.716s] -- Up-to-date: /root/ws/assets/package-01/install/package-01/share/package-01/environment/ament_prefix_path.sh
[1.736s] -- Up-to-date: /root/ws/assets/package-01/install/package-01/share/package-01/environment/ament_prefix_path.dsv
[1.748s] -- Up-to-date: /root/ws/assets/package-01/install/package-01/share/package-01/environment/path.sh
[1.769s] -- Up-to-date: /root/ws/assets/package-01/install/package-01/share/package-01/environment/path.dsv
[1.783s] -- Up-to-date: /root/ws/assets/package-01/install/package-01/share/package-01/local_setup.bash
[1.797s] -- Up-to-date: /root/ws/assets/package-01/install/package-01/share/package-01/local_setup.sh
[1.813s] -- Up-to-date: /root/ws/assets/package-01/install/package-01/share/package-01/local_setup.zsh
[1.831s] -- Up-to-date: /root/ws/assets/package-01/install/package-01/share/package-01/local_setup.dsv
[1.850s] -- Installing: /root/ws/assets/package-01/install/package-01/share/package-01/package.dsv
[1.912s] -- Up-to-date: /root/ws/assets/package-01/install/package-01/share/ament_index/resource_index/packages/package-01
[1.929s] -- Up-to-date: /root/ws/assets/package-01/install/package-01/share/package-01/cmake/package-01Config.cmake
[1.944s] -- Up-to-date: /root/ws/assets/package-01/install/package-01/share/package-01/cmake/package-01Config-version.cmake
[1.958s] -- Up-to-date: /root/ws/assets/package-01/install/package-01/share/package-01/package.xml
[1.968s] Invoked command in '/root/ws/assets/package-01/build/package-01' returned '0': CMAKE_PREFIX_PATH=${CMAKE_PREFIX_PATH}:/opt/ros/humble /usr/bin/cmake --install /root/ws/assets/package-01/build/package-01
