[0.189s] Invoking command in '/root/ws/assets/package-01/build/package-01': CMAKE_PREFIX_PATH=${CMAKE_PREFIX_PATH}:/opt/ros/humble /usr/bin/cmake --build /root/ws/assets/package-01/build/package-01 -- -j16 -l16
[0.281s] Invoked command in '/root/ws/assets/package-01/build/package-01' returned '0': CMAKE_PREFIX_PATH=${CMAKE_PREFIX_PATH}:/opt/ros/humble /usr/bin/cmake --build /root/ws/assets/package-01/build/package-01 -- -j16 -l16
[0.327s] Invoking command in '/root/ws/assets/package-01/build/package-01': CMAKE_PREFIX_PATH=${CMAKE_PREFIX_PATH}:/opt/ros/humble /usr/bin/cmake --install /root/ws/assets/package-01/build/package-01
[0.338s] -- Install configuration: ""
[0.343s] -- Up-to-date: /root/ws/assets/package-01/install/package-01/share/package-01/launch
[0.365s] -- Up-to-date: /root/ws/assets/package-01/install/package-01/share/package-01/launch/rs-hardware-test.launch.py
[0.381s] -- Installing: /root/ws/assets/package-01/install/package-01/share/package-01/launch/rs-igngz-test.launch.py
[0.452s] -- Up-to-date: /root/ws/assets/package-01/install/package-01/share/package-01/launch/__pycache__
[0.475s] -- Up-to-date: /root/ws/assets/package-01/install/package-01/share/package-01/launch/__pycache__/bridge_launch.cpython-310.pyc
[0.495s] -- Up-to-date: /root/ws/assets/package-01/install/package-01/share/package-01/launch/__pycache__/d435_camera_bridge.launch.cpython-310.pyc
[0.519s] -- Up-to-date: /root/ws/assets/package-01/install/package-01/share/package-01/launch/__pycache__/demo-01_sim.launch.cpython-310.pyc
[0.537s] -- Up-to-date: /root/ws/assets/package-01/install/package-01/share/package-01/launch/__pycache__/gz_sim.launch.cpython-310.pyc
[0.553s] -- Up-to-date: /root/ws/assets/package-01/install/package-01/share/package-01/launch/__pycache__/ign_launch.cpython-310.pyc
[0.570s] -- Up-to-date: /root/ws/assets/package-01/install/package-01/share/package-01/launch/__pycache__/rs-hardware-test.launch.cpython-310.pyc
[0.586s] -- Installing: /root/ws/assets/package-01/install/package-01/share/package-01/launch/__pycache__/rs-igngz-test.launch.cpython-310.pyc
[0.659s] -- Up-to-date: /root/ws/assets/package-01/install/package-01/share/package-01/launch/__pycache__/rviz_launch.cpython-310.pyc
[0.670s] -- Up-to-date: /root/ws/assets/package-01/install/package-01/share/package-01/worlds
[0.686s] -- Up-to-date: /root/ws/assets/package-01/install/package-01/share/package-01/worlds/demo-01.sdf
[0.700s] -- Up-to-date: /root/ws/assets/package-01/install/package-01/share/package-01/worlds/demo-01_alt.sdf
[0.711s] -- Up-to-date: /root/ws/assets/package-01/install/package-01/share/package-01/models
[0.726s] -- Up-to-date: /root/ws/assets/package-01/install/package-01/share/package-01/models/D435_openrobotics
[0.746s] -- Up-to-date: /root/ws/assets/package-01/install/package-01/share/package-01/models/D435_openrobotics/materials
[0.771s] -- Up-to-date: /root/ws/assets/package-01/install/package-01/share/package-01/models/D435_openrobotics/materials/scripts
[0.809s] -- Up-to-date: /root/ws/assets/package-01/install/package-01/share/package-01/models/D435_openrobotics/materials/scripts/model.material
[0.831s] -- Up-to-date: /root/ws/assets/package-01/install/package-01/share/package-01/models/D435_openrobotics/materials/scripts/model.material:Zone.Identifier
[0.851s] -- Up-to-date: /root/ws/assets/package-01/install/package-01/share/package-01/models/D435_openrobotics/materials/textures
[0.884s] -- Up-to-date: /root/ws/assets/package-01/install/package-01/share/package-01/models/D435_openrobotics/materials/textures/RealSense_Albedo.png
[0.915s] -- Up-to-date: /root/ws/assets/package-01/install/package-01/share/package-01/models/D435_openrobotics/materials/textures/RealSense_Albedo.png:Zone.Identifier
[0.949s] -- Up-to-date: /root/ws/assets/package-01/install/package-01/share/package-01/models/D435_openrobotics/materials/textures/RealSense_Metalness.png
[0.980s] -- Up-to-date: /root/ws/assets/package-01/install/package-01/share/package-01/models/D435_openrobotics/materials/textures/RealSense_Metalness.png:Zone.Identifier
[1.004s] -- Up-to-date: /root/ws/assets/package-01/install/package-01/share/package-01/models/D435_openrobotics/materials/textures/RealSense_Normal.png
[1.035s] -- Up-to-date: /root/ws/assets/package-01/install/package-01/share/package-01/models/D435_openrobotics/materials/textures/RealSense_Normal.png:Zone.Identifier
[1.060s] -- Up-to-date: /root/ws/assets/package-01/install/package-01/share/package-01/models/D435_openrobotics/materials/textures/RealSense_Roughness.png
[1.084s] -- Up-to-date: /root/ws/assets/package-01/install/package-01/share/package-01/models/D435_openrobotics/materials/textures/RealSense_Roughness.png:Zone.Identifier
[1.102s] -- Up-to-date: /root/ws/assets/package-01/install/package-01/share/package-01/models/D435_openrobotics/meshes
[1.140s] -- Up-to-date: /root/ws/assets/package-01/install/package-01/share/package-01/models/D435_openrobotics/meshes/realsense.dae
[1.159s] -- Up-to-date: /root/ws/assets/package-01/install/package-01/share/package-01/models/D435_openrobotics/meshes/realsense.dae:Zone.Identifier
[1.177s] -- Up-to-date: /root/ws/assets/package-01/install/package-01/share/package-01/models/D435_openrobotics/model.config
[1.193s] -- Up-to-date: /root/ws/assets/package-01/install/package-01/share/package-01/models/D435_openrobotics/model.config:Zone.Identifier
[1.210s] -- Up-to-date: /root/ws/assets/package-01/install/package-01/share/package-01/models/D435_openrobotics/model.sdf
[1.226s] -- Up-to-date: /root/ws/assets/package-01/install/package-01/share/package-01/models/D435_openrobotics/model.sdf:Zone.Identifier
[1.245s] -- Up-to-date: /root/ws/assets/package-01/install/package-01/share/package-01/models/D435_openrobotics/thumbnails
[1.277s] -- Up-to-date: /root/ws/assets/package-01/install/package-01/share/package-01/models/D435_openrobotics/thumbnails/1.png
[1.295s] -- Up-to-date: /root/ws/assets/package-01/install/package-01/share/package-01/models/D435_openrobotics/thumbnails/1.png:Zone.Identifier
[1.318s] -- Up-to-date: /root/ws/assets/package-01/install/package-01/share/package-01/models/D435_openrobotics/thumbnails/2.png
[1.337s] -- Up-to-date: /root/ws/assets/package-01/install/package-01/share/package-01/models/D435_openrobotics/thumbnails/2.png:Zone.Identifier
[1.363s] -- Up-to-date: /root/ws/assets/package-01/install/package-01/share/package-01/models/D435_openrobotics/thumbnails/3.png
[1.385s] -- Up-to-date: /root/ws/assets/package-01/install/package-01/share/package-01/models/D435_openrobotics/thumbnails/3.png:Zone.Identifier
[1.408s] -- Up-to-date: /root/ws/assets/package-01/install/package-01/share/package-01/models/D435_openrobotics/thumbnails/4.png
[1.431s] -- Up-to-date: /root/ws/assets/package-01/install/package-01/share/package-01/models/D435_openrobotics/thumbnails/4.png:Zone.Identifier
[1.446s] -- Up-to-date: /root/ws/assets/package-01/install/package-01/share/package-01/models/D435_openrobotics.sdf
[1.459s] -- Up-to-date: /root/ws/assets/package-01/install/package-01/share/package-01/config
[1.479s] -- Up-to-date: /root/ws/assets/package-01/install/package-01/share/package-01/config/rs-hardware-general.rviz
[1.495s] -- Up-to-date: /root/ws/assets/package-01/install/package-01/share/package-01/config/rs-hardware-test.rviz
[1.510s] -- Up-to-date: /root/ws/assets/package-01/install/package-01/share/package-01/config/rs-igngz-general.rviz
[1.527s] -- Up-to-date: /root/ws/assets/package-01/install/package-01/share/package-01/config/rs-igngz-test.rviz
[1.540s] -- Up-to-date: /root/ws/assets/package-01/install/package-01/share/package-01/config/rs-pointcloud-hardware.rviz
[1.556s] -- Up-to-date: /root/ws/assets/package-01/install/package-01/share/package-01/config/rs-pointcloud-igngz.rviz
[1.573s] -- Up-to-date: /root/ws/assets/package-01/install/package-01/share/package-01/config/rs-rgbd-hardware.rviz
[1.591s] -- Up-to-date: /root/ws/assets/package-01/install/package-01/share/package-01/config/rs-rgbd-igngz.rviz
[1.618s] -- Up-to-date: /root/ws/assets/package-01/install/package-01/share/ament_index/resource_index/package_run_dependencies/package-01
[1.649s] -- Up-to-date: /root/ws/assets/package-01/install/package-01/share/ament_index/resource_index/parent_prefix_path/package-01
[1.662s] -- Up-to-date: /root/ws/assets/package-01/install/package-01/share/package-01/environment/ament_prefix_path.sh
[1.684s] -- Up-to-date: /root/ws/assets/package-01/install/package-01/share/package-01/environment/ament_prefix_path.dsv
[1.700s] -- Up-to-date: /root/ws/assets/package-01/install/package-01/share/package-01/environment/path.sh
[1.721s] -- Up-to-date: /root/ws/assets/package-01/install/package-01/share/package-01/environment/path.dsv
[1.740s] -- Up-to-date: /root/ws/assets/package-01/install/package-01/share/package-01/local_setup.bash
[1.754s] -- Up-to-date: /root/ws/assets/package-01/install/package-01/share/package-01/local_setup.sh
[1.771s] -- Up-to-date: /root/ws/assets/package-01/install/package-01/share/package-01/local_setup.zsh
[1.790s] -- Up-to-date: /root/ws/assets/package-01/install/package-01/share/package-01/local_setup.dsv
[1.809s] -- Installing: /root/ws/assets/package-01/install/package-01/share/package-01/package.dsv
[1.873s] -- Up-to-date: /root/ws/assets/package-01/install/package-01/share/ament_index/resource_index/packages/package-01
[1.892s] -- Up-to-date: /root/ws/assets/package-01/install/package-01/share/package-01/cmake/package-01Config.cmake
[1.910s] -- Up-to-date: /root/ws/assets/package-01/install/package-01/share/package-01/cmake/package-01Config-version.cmake
[1.931s] -- Up-to-date: /root/ws/assets/package-01/install/package-01/share/package-01/package.xml
[1.946s] Invoked command in '/root/ws/assets/package-01/build/package-01' returned '0': CMAKE_PREFIX_PATH=${CMAKE_PREFIX_PATH}:/opt/ros/humble /usr/bin/cmake --install /root/ws/assets/package-01/build/package-01
