[0.209s] Invoking command in '/root/ws/assets/package-01/build/package-01': CMAKE_PREFIX_PATH=${CMAKE_PREFIX_PATH}:/opt/ros/humble /usr/bin/cmake --build /root/ws/assets/package-01/build/package-01 -- -j16 -l16
[0.364s] Invoked command in '/root/ws/assets/package-01/build/package-01' returned '0': CMAKE_PREFIX_PATH=${CMAKE_PREFIX_PATH}:/opt/ros/humble /usr/bin/cmake --build /root/ws/assets/package-01/build/package-01 -- -j16 -l16
[0.404s] Invoking command in '/root/ws/assets/package-01/build/package-01': CMAKE_PREFIX_PATH=${CMAKE_PREFIX_PATH}:/opt/ros/humble /usr/bin/cmake --install /root/ws/assets/package-01/build/package-01
[0.414s] -- Install configuration: ""
[0.421s] -- Up-to-date: /root/ws/assets/package-01/install/package-01/share/package-01/launch
[0.443s] -- Up-to-date: /root/ws/assets/package-01/install/package-01/share/package-01/launch/rs-hardware-test.launch.py
[0.461s] -- Installing: /root/ws/assets/package-01/install/package-01/share/package-01/launch/rs-igngz-test.launch.py
[0.528s] -- Up-to-date: /root/ws/assets/package-01/install/package-01/share/package-01/launch/__pycache__
[0.552s] -- Up-to-date: /root/ws/assets/package-01/install/package-01/share/package-01/launch/__pycache__/bridge_launch.cpython-310.pyc
[0.574s] -- Up-to-date: /root/ws/assets/package-01/install/package-01/share/package-01/launch/__pycache__/d435_camera_bridge.launch.cpython-310.pyc
[0.593s] -- Up-to-date: /root/ws/assets/package-01/install/package-01/share/package-01/launch/__pycache__/demo-01_sim.launch.cpython-310.pyc
[0.610s] -- Up-to-date: /root/ws/assets/package-01/install/package-01/share/package-01/launch/__pycache__/gz_sim.launch.cpython-310.pyc
[0.629s] -- Up-to-date: /root/ws/assets/package-01/install/package-01/share/package-01/launch/__pycache__/ign_launch.cpython-310.pyc
[0.646s] -- Up-to-date: /root/ws/assets/package-01/install/package-01/share/package-01/launch/__pycache__/rs-hardware-test.launch.cpython-310.pyc
[0.667s] -- Installing: /root/ws/assets/package-01/install/package-01/share/package-01/launch/__pycache__/rs-igngz-test.launch.cpython-310.pyc
[0.740s] -- Up-to-date: /root/ws/assets/package-01/install/package-01/share/package-01/launch/__pycache__/rviz_launch.cpython-310.pyc
[0.751s] -- Up-to-date: /root/ws/assets/package-01/install/package-01/share/package-01/worlds
[0.773s] -- Up-to-date: /root/ws/assets/package-01/install/package-01/share/package-01/worlds/demo-01.sdf
[0.790s] -- Up-to-date: /root/ws/assets/package-01/install/package-01/share/package-01/worlds/demo-01_alt.sdf
[0.802s] -- Up-to-date: /root/ws/assets/package-01/install/package-01/share/package-01/models
[0.821s] -- Up-to-date: /root/ws/assets/package-01/install/package-01/share/package-01/models/D435_openrobotics
[0.848s] -- Up-to-date: /root/ws/assets/package-01/install/package-01/share/package-01/models/D435_openrobotics/materials
[0.874s] -- Up-to-date: /root/ws/assets/package-01/install/package-01/share/package-01/models/D435_openrobotics/materials/scripts
[0.907s] -- Up-to-date: /root/ws/assets/package-01/install/package-01/share/package-01/models/D435_openrobotics/materials/scripts/model.material
[0.938s] -- Up-to-date: /root/ws/assets/package-01/install/package-01/share/package-01/models/D435_openrobotics/materials/scripts/model.material:Zone.Identifier
[0.958s] -- Up-to-date: /root/ws/assets/package-01/install/package-01/share/package-01/models/D435_openrobotics/materials/textures
[0.989s] -- Up-to-date: /root/ws/assets/package-01/install/package-01/share/package-01/models/D435_openrobotics/materials/textures/RealSense_Albedo.png
[1.011s] -- Up-to-date: /root/ws/assets/package-01/install/package-01/share/package-01/models/D435_openrobotics/materials/textures/RealSense_Albedo.png:Zone.Identifier
[1.038s] -- Up-to-date: /root/ws/assets/package-01/install/package-01/share/package-01/models/D435_openrobotics/materials/textures/RealSense_Metalness.png
[1.067s] -- Up-to-date: /root/ws/assets/package-01/install/package-01/share/package-01/models/D435_openrobotics/materials/textures/RealSense_Metalness.png:Zone.Identifier
[1.098s] -- Up-to-date: /root/ws/assets/package-01/install/package-01/share/package-01/models/D435_openrobotics/materials/textures/RealSense_Normal.png
[1.124s] -- Up-to-date: /root/ws/assets/package-01/install/package-01/share/package-01/models/D435_openrobotics/materials/textures/RealSense_Normal.png:Zone.Identifier
[1.155s] -- Up-to-date: /root/ws/assets/package-01/install/package-01/share/package-01/models/D435_openrobotics/materials/textures/RealSense_Roughness.png
[1.179s] -- Up-to-date: /root/ws/assets/package-01/install/package-01/share/package-01/models/D435_openrobotics/materials/textures/RealSense_Roughness.png:Zone.Identifier
[1.201s] -- Up-to-date: /root/ws/assets/package-01/install/package-01/share/package-01/models/D435_openrobotics/meshes
[1.237s] -- Up-to-date: /root/ws/assets/package-01/install/package-01/share/package-01/models/D435_openrobotics/meshes/realsense.dae
[1.260s] -- Up-to-date: /root/ws/assets/package-01/install/package-01/share/package-01/models/D435_openrobotics/meshes/realsense.dae:Zone.Identifier
[1.279s] -- Up-to-date: /root/ws/assets/package-01/install/package-01/share/package-01/models/D435_openrobotics/model.config
[1.296s] -- Up-to-date: /root/ws/assets/package-01/install/package-01/share/package-01/models/D435_openrobotics/model.config:Zone.Identifier
[1.314s] -- Up-to-date: /root/ws/assets/package-01/install/package-01/share/package-01/models/D435_openrobotics/model.sdf
[1.337s] -- Up-to-date: /root/ws/assets/package-01/install/package-01/share/package-01/models/D435_openrobotics/model.sdf:Zone.Identifier
[1.358s] -- Up-to-date: /root/ws/assets/package-01/install/package-01/share/package-01/models/D435_openrobotics/thumbnails
[1.388s] -- Up-to-date: /root/ws/assets/package-01/install/package-01/share/package-01/models/D435_openrobotics/thumbnails/1.png
[1.410s] -- Up-to-date: /root/ws/assets/package-01/install/package-01/share/package-01/models/D435_openrobotics/thumbnails/1.png:Zone.Identifier
[1.436s] -- Up-to-date: /root/ws/assets/package-01/install/package-01/share/package-01/models/D435_openrobotics/thumbnails/2.png
[1.457s] -- Up-to-date: /root/ws/assets/package-01/install/package-01/share/package-01/models/D435_openrobotics/thumbnails/2.png:Zone.Identifier
[1.480s] -- Up-to-date: /root/ws/assets/package-01/install/package-01/share/package-01/models/D435_openrobotics/thumbnails/3.png
[1.504s] -- Up-to-date: /root/ws/assets/package-01/install/package-01/share/package-01/models/D435_openrobotics/thumbnails/3.png:Zone.Identifier
[1.530s] -- Up-to-date: /root/ws/assets/package-01/install/package-01/share/package-01/models/D435_openrobotics/thumbnails/4.png
[1.552s] -- Up-to-date: /root/ws/assets/package-01/install/package-01/share/package-01/models/D435_openrobotics/thumbnails/4.png:Zone.Identifier
[1.566s] -- Up-to-date: /root/ws/assets/package-01/install/package-01/share/package-01/models/D435_openrobotics.sdf
[1.578s] -- Up-to-date: /root/ws/assets/package-01/install/package-01/share/package-01/config
[1.594s] -- Up-to-date: /root/ws/assets/package-01/install/package-01/share/package-01/config/rs-hardware-general.rviz
[1.607s] -- Up-to-date: /root/ws/assets/package-01/install/package-01/share/package-01/config/rs-hardware-test.rviz
[1.621s] -- Up-to-date: /root/ws/assets/package-01/install/package-01/share/package-01/config/rs-igngz-general.rviz
[1.635s] -- Up-to-date: /root/ws/assets/package-01/install/package-01/share/package-01/config/rs-igngz-test.rviz
[1.653s] -- Up-to-date: /root/ws/assets/package-01/install/package-01/share/package-01/config/rs-pointcloud-hardware.rviz
[1.671s] -- Up-to-date: /root/ws/assets/package-01/install/package-01/share/package-01/config/rs-pointcloud-igngz.rviz
[1.687s] -- Up-to-date: /root/ws/assets/package-01/install/package-01/share/package-01/config/rs-rgbd-hardware.rviz
[1.699s] -- Up-to-date: /root/ws/assets/package-01/install/package-01/share/package-01/config/rs-rgbd-igngz.rviz
[1.727s] -- Up-to-date: /root/ws/assets/package-01/install/package-01/share/ament_index/resource_index/package_run_dependencies/package-01
[1.754s] -- Up-to-date: /root/ws/assets/package-01/install/package-01/share/ament_index/resource_index/parent_prefix_path/package-01
[1.771s] -- Up-to-date: /root/ws/assets/package-01/install/package-01/share/package-01/environment/ament_prefix_path.sh
[1.794s] -- Up-to-date: /root/ws/assets/package-01/install/package-01/share/package-01/environment/ament_prefix_path.dsv
[1.809s] -- Up-to-date: /root/ws/assets/package-01/install/package-01/share/package-01/environment/path.sh
[1.829s] -- Up-to-date: /root/ws/assets/package-01/install/package-01/share/package-01/environment/path.dsv
[1.846s] -- Up-to-date: /root/ws/assets/package-01/install/package-01/share/package-01/local_setup.bash
[1.862s] -- Up-to-date: /root/ws/assets/package-01/install/package-01/share/package-01/local_setup.sh
[1.880s] -- Up-to-date: /root/ws/assets/package-01/install/package-01/share/package-01/local_setup.zsh
[1.899s] -- Up-to-date: /root/ws/assets/package-01/install/package-01/share/package-01/local_setup.dsv
[1.916s] -- Installing: /root/ws/assets/package-01/install/package-01/share/package-01/package.dsv
[1.981s] -- Up-to-date: /root/ws/assets/package-01/install/package-01/share/ament_index/resource_index/packages/package-01
[2.001s] -- Up-to-date: /root/ws/assets/package-01/install/package-01/share/package-01/cmake/package-01Config.cmake
[2.019s] -- Up-to-date: /root/ws/assets/package-01/install/package-01/share/package-01/cmake/package-01Config-version.cmake
[2.040s] -- Up-to-date: /root/ws/assets/package-01/install/package-01/share/package-01/package.xml
[2.074s] Invoked command in '/root/ws/assets/package-01/build/package-01' returned '0': CMAKE_PREFIX_PATH=${CMAKE_PREFIX_PATH}:/opt/ros/humble /usr/bin/cmake --install /root/ws/assets/package-01/build/package-01
