[0.208s] Invoking command in '/root/ws/assets/package-01/build/package-01': CMAKE_PREFIX_PATH=${CMAKE_PREFIX_PATH}:/opt/ros/humble /usr/bin/cmake --build /root/ws/assets/package-01/build/package-01 -- -j16 -l16
[0.299s] Invoked command in '/root/ws/assets/package-01/build/package-01' returned '0': CMAKE_PREFIX_PATH=${CMAKE_PREFIX_PATH}:/opt/ros/humble /usr/bin/cmake --build /root/ws/assets/package-01/build/package-01 -- -j16 -l16
[0.347s] Invoking command in '/root/ws/assets/package-01/build/package-01': CMAKE_PREFIX_PATH=${CMAKE_PREFIX_PATH}:/opt/ros/humble /usr/bin/cmake --install /root/ws/assets/package-01/build/package-01
[0.356s] -- Install configuration: ""
[0.361s] -- Up-to-date: /root/ws/assets/package-01/install/package-01/share/package-01/launch
[0.379s] -- Up-to-date: /root/ws/assets/package-01/install/package-01/share/package-01/launch/rs-hardware-test.launch.py
[0.394s] -- Installing: /root/ws/assets/package-01/install/package-01/share/package-01/launch/rs-igngz-test.launch.py
[0.453s] -- Up-to-date: /root/ws/assets/package-01/install/package-01/share/package-01/launch/__pycache__
[0.477s] -- Up-to-date: /root/ws/assets/package-01/install/package-01/share/package-01/launch/__pycache__/bridge_launch.cpython-310.pyc
[0.493s] -- Up-to-date: /root/ws/assets/package-01/install/package-01/share/package-01/launch/__pycache__/d435_camera_bridge.launch.cpython-310.pyc
[0.512s] -- Up-to-date: /root/ws/assets/package-01/install/package-01/share/package-01/launch/__pycache__/demo-01_sim.launch.cpython-310.pyc
[0.532s] -- Up-to-date: /root/ws/assets/package-01/install/package-01/share/package-01/launch/__pycache__/gz_sim.launch.cpython-310.pyc
[0.556s] -- Up-to-date: /root/ws/assets/package-01/install/package-01/share/package-01/launch/__pycache__/ign_launch.cpython-310.pyc
[0.580s] -- Up-to-date: /root/ws/assets/package-01/install/package-01/share/package-01/launch/__pycache__/rs-hardware-test.launch.cpython-310.pyc
[0.601s] -- Installing: /root/ws/assets/package-01/install/package-01/share/package-01/launch/__pycache__/rs-igngz-test.launch.cpython-310.pyc
[0.673s] -- Up-to-date: /root/ws/assets/package-01/install/package-01/share/package-01/launch/__pycache__/rviz_launch.cpython-310.pyc
[0.685s] -- Up-to-date: /root/ws/assets/package-01/install/package-01/share/package-01/worlds
[0.708s] -- Installing: /root/ws/assets/package-01/install/package-01/share/package-01/worlds/demo-01.sdf
[0.792s] -- Up-to-date: /root/ws/assets/package-01/install/package-01/share/package-01/worlds/demo-01_alt.sdf
[0.804s] -- Up-to-date: /root/ws/assets/package-01/install/package-01/share/package-01/models
[0.822s] -- Up-to-date: /root/ws/assets/package-01/install/package-01/share/package-01/models/D435_openrobotics
[0.845s] -- Up-to-date: /root/ws/assets/package-01/install/package-01/share/package-01/models/D435_openrobotics/materials
[0.869s] -- Up-to-date: /root/ws/assets/package-01/install/package-01/share/package-01/models/D435_openrobotics/materials/scripts
[0.907s] -- Up-to-date: /root/ws/assets/package-01/install/package-01/share/package-01/models/D435_openrobotics/materials/scripts/model.material
[0.933s] -- Up-to-date: /root/ws/assets/package-01/install/package-01/share/package-01/models/D435_openrobotics/materials/scripts/model.material:Zone.Identifier
[0.951s] -- Up-to-date: /root/ws/assets/package-01/install/package-01/share/package-01/models/D435_openrobotics/materials/textures
[0.980s] -- Up-to-date: /root/ws/assets/package-01/install/package-01/share/package-01/models/D435_openrobotics/materials/textures/RealSense_Albedo.png
[1.002s] -- Up-to-date: /root/ws/assets/package-01/install/package-01/share/package-01/models/D435_openrobotics/materials/textures/RealSense_Albedo.png:Zone.Identifier
[1.033s] -- Up-to-date: /root/ws/assets/package-01/install/package-01/share/package-01/models/D435_openrobotics/materials/textures/RealSense_Metalness.png
[1.062s] -- Up-to-date: /root/ws/assets/package-01/install/package-01/share/package-01/models/D435_openrobotics/materials/textures/RealSense_Metalness.png:Zone.Identifier
[1.084s] -- Up-to-date: /root/ws/assets/package-01/install/package-01/share/package-01/models/D435_openrobotics/materials/textures/RealSense_Normal.png
[1.110s] -- Up-to-date: /root/ws/assets/package-01/install/package-01/share/package-01/models/D435_openrobotics/materials/textures/RealSense_Normal.png:Zone.Identifier
[1.135s] -- Up-to-date: /root/ws/assets/package-01/install/package-01/share/package-01/models/D435_openrobotics/materials/textures/RealSense_Roughness.png
[1.167s] -- Up-to-date: /root/ws/assets/package-01/install/package-01/share/package-01/models/D435_openrobotics/materials/textures/RealSense_Roughness.png:Zone.Identifier
[1.187s] -- Up-to-date: /root/ws/assets/package-01/install/package-01/share/package-01/models/D435_openrobotics/meshes
[1.217s] -- Up-to-date: /root/ws/assets/package-01/install/package-01/share/package-01/models/D435_openrobotics/meshes/realsense.dae
[1.238s] -- Up-to-date: /root/ws/assets/package-01/install/package-01/share/package-01/models/D435_openrobotics/meshes/realsense.dae:Zone.Identifier
[1.257s] -- Up-to-date: /root/ws/assets/package-01/install/package-01/share/package-01/models/D435_openrobotics/model.config
[1.279s] -- Up-to-date: /root/ws/assets/package-01/install/package-01/share/package-01/models/D435_openrobotics/model.config:Zone.Identifier
[1.298s] -- Up-to-date: /root/ws/assets/package-01/install/package-01/share/package-01/models/D435_openrobotics/model.sdf
[1.317s] -- Up-to-date: /root/ws/assets/package-01/install/package-01/share/package-01/models/D435_openrobotics/model.sdf:Zone.Identifier
[1.334s] -- Up-to-date: /root/ws/assets/package-01/install/package-01/share/package-01/models/D435_openrobotics/thumbnails
[1.364s] -- Up-to-date: /root/ws/assets/package-01/install/package-01/share/package-01/models/D435_openrobotics/thumbnails/1.png
[1.387s] -- Up-to-date: /root/ws/assets/package-01/install/package-01/share/package-01/models/D435_openrobotics/thumbnails/1.png:Zone.Identifier
[1.411s] -- Up-to-date: /root/ws/assets/package-01/install/package-01/share/package-01/models/D435_openrobotics/thumbnails/2.png
[1.434s] -- Up-to-date: /root/ws/assets/package-01/install/package-01/share/package-01/models/D435_openrobotics/thumbnails/2.png:Zone.Identifier
[1.456s] -- Up-to-date: /root/ws/assets/package-01/install/package-01/share/package-01/models/D435_openrobotics/thumbnails/3.png
[1.483s] -- Up-to-date: /root/ws/assets/package-01/install/package-01/share/package-01/models/D435_openrobotics/thumbnails/3.png:Zone.Identifier
[1.505s] -- Up-to-date: /root/ws/assets/package-01/install/package-01/share/package-01/models/D435_openrobotics/thumbnails/4.png
[1.528s] -- Up-to-date: /root/ws/assets/package-01/install/package-01/share/package-01/models/D435_openrobotics/thumbnails/4.png:Zone.Identifier
[1.543s] -- Up-to-date: /root/ws/assets/package-01/install/package-01/share/package-01/models/D435_openrobotics.sdf
[1.553s] -- Up-to-date: /root/ws/assets/package-01/install/package-01/share/package-01/config
[1.575s] -- Up-to-date: /root/ws/assets/package-01/install/package-01/share/package-01/config/rs-hardware-general.rviz
[1.591s] -- Up-to-date: /root/ws/assets/package-01/install/package-01/share/package-01/config/rs-hardware-test.rviz
[1.606s] -- Up-to-date: /root/ws/assets/package-01/install/package-01/share/package-01/config/rs-igngz-general.rviz
[1.622s] -- Up-to-date: /root/ws/assets/package-01/install/package-01/share/package-01/config/rs-igngz-test.rviz
[1.639s] -- Up-to-date: /root/ws/assets/package-01/install/package-01/share/package-01/config/rs-pointcloud-hardware.rviz
[1.656s] -- Up-to-date: /root/ws/assets/package-01/install/package-01/share/package-01/config/rs-pointcloud-igngz.rviz
[1.670s] -- Up-to-date: /root/ws/assets/package-01/install/package-01/share/package-01/config/rs-rgbd-hardware.rviz
[1.688s] -- Up-to-date: /root/ws/assets/package-01/install/package-01/share/package-01/config/rs-rgbd-igngz.rviz
[1.720s] -- Up-to-date: /root/ws/assets/package-01/install/package-01/share/ament_index/resource_index/package_run_dependencies/package-01
[1.755s] -- Up-to-date: /root/ws/assets/package-01/install/package-01/share/ament_index/resource_index/parent_prefix_path/package-01
[1.773s] -- Up-to-date: /root/ws/assets/package-01/install/package-01/share/package-01/environment/ament_prefix_path.sh
[1.794s] -- Up-to-date: /root/ws/assets/package-01/install/package-01/share/package-01/environment/ament_prefix_path.dsv
[1.806s] -- Up-to-date: /root/ws/assets/package-01/install/package-01/share/package-01/environment/path.sh
[1.825s] -- Up-to-date: /root/ws/assets/package-01/install/package-01/share/package-01/environment/path.dsv
[1.844s] -- Up-to-date: /root/ws/assets/package-01/install/package-01/share/package-01/local_setup.bash
[1.865s] -- Up-to-date: /root/ws/assets/package-01/install/package-01/share/package-01/local_setup.sh
[1.885s] -- Up-to-date: /root/ws/assets/package-01/install/package-01/share/package-01/local_setup.zsh
[1.898s] -- Up-to-date: /root/ws/assets/package-01/install/package-01/share/package-01/local_setup.dsv
[1.916s] -- Installing: /root/ws/assets/package-01/install/package-01/share/package-01/package.dsv
[1.975s] -- Up-to-date: /root/ws/assets/package-01/install/package-01/share/ament_index/resource_index/packages/package-01
[1.997s] -- Up-to-date: /root/ws/assets/package-01/install/package-01/share/package-01/cmake/package-01Config.cmake
[2.015s] -- Up-to-date: /root/ws/assets/package-01/install/package-01/share/package-01/cmake/package-01Config-version.cmake
[2.030s] -- Up-to-date: /root/ws/assets/package-01/install/package-01/share/package-01/package.xml
[2.038s] Invoked command in '/root/ws/assets/package-01/build/package-01' returned '0': CMAKE_PREFIX_PATH=${CMAKE_PREFIX_PATH}:/opt/ros/humble /usr/bin/cmake --install /root/ws/assets/package-01/build/package-01
