[0.192s] Invoking command in '/root/ws/assets/package-01/build/package-01': CMAKE_PREFIX_PATH=${CMAKE_PREFIX_PATH}:/opt/ros/humble /usr/bin/cmake --build /root/ws/assets/package-01/build/package-01 -- -j16 -l16
[0.274s] Invoked command in '/root/ws/assets/package-01/build/package-01' returned '0': CMAKE_PREFIX_PATH=${CMAKE_PREFIX_PATH}:/opt/ros/humble /usr/bin/cmake --build /root/ws/assets/package-01/build/package-01 -- -j16 -l16
[0.332s] Invoking command in '/root/ws/assets/package-01/build/package-01': CMAKE_PREFIX_PATH=${CMAKE_PREFIX_PATH}:/opt/ros/humble /usr/bin/cmake --install /root/ws/assets/package-01/build/package-01
[0.342s] -- Install configuration: ""
[0.348s] -- Up-to-date: /root/ws/assets/package-01/install/package-01/share/package-01/launch
[0.366s] -- Up-to-date: /root/ws/assets/package-01/install/package-01/share/package-01/launch/rs-hardware-test.launch.py
[0.381s] -- Installing: /root/ws/assets/package-01/install/package-01/share/package-01/launch/rs-igngz-test.launch.py
[0.453s] -- Up-to-date: /root/ws/assets/package-01/install/package-01/share/package-01/launch/__pycache__
[0.480s] -- Up-to-date: /root/ws/assets/package-01/install/package-01/share/package-01/launch/__pycache__/bridge_launch.cpython-310.pyc
[0.495s] -- Up-to-date: /root/ws/assets/package-01/install/package-01/share/package-01/launch/__pycache__/d435_camera_bridge.launch.cpython-310.pyc
[0.513s] -- Up-to-date: /root/ws/assets/package-01/install/package-01/share/package-01/launch/__pycache__/demo-01_sim.launch.cpython-310.pyc
[0.532s] -- Up-to-date: /root/ws/assets/package-01/install/package-01/share/package-01/launch/__pycache__/gz_sim.launch.cpython-310.pyc
[0.549s] -- Up-to-date: /root/ws/assets/package-01/install/package-01/share/package-01/launch/__pycache__/ign_launch.cpython-310.pyc
[0.566s] -- Up-to-date: /root/ws/assets/package-01/install/package-01/share/package-01/launch/__pycache__/rs-hardware-test.launch.cpython-310.pyc
[0.584s] -- Installing: /root/ws/assets/package-01/install/package-01/share/package-01/launch/__pycache__/rs-igngz-test.launch.cpython-310.pyc
[0.659s] -- Up-to-date: /root/ws/assets/package-01/install/package-01/share/package-01/launch/__pycache__/rviz_launch.cpython-310.pyc
[0.672s] -- Up-to-date: /root/ws/assets/package-01/install/package-01/share/package-01/worlds
[0.689s] -- Up-to-date: /root/ws/assets/package-01/install/package-01/share/package-01/worlds/demo-01.sdf
[0.703s] -- Up-to-date: /root/ws/assets/package-01/install/package-01/share/package-01/worlds/demo-01_alt.sdf
[0.713s] -- Up-to-date: /root/ws/assets/package-01/install/package-01/share/package-01/models
[0.730s] -- Up-to-date: /root/ws/assets/package-01/install/package-01/share/package-01/models/D435_openrobotics
[0.751s] -- Up-to-date: /root/ws/assets/package-01/install/package-01/share/package-01/models/D435_openrobotics/materials
[0.781s] -- Up-to-date: /root/ws/assets/package-01/install/package-01/share/package-01/models/D435_openrobotics/materials/scripts
[0.814s] -- Up-to-date: /root/ws/assets/package-01/install/package-01/share/package-01/models/D435_openrobotics/materials/scripts/model.material
[0.841s] -- Up-to-date: /root/ws/assets/package-01/install/package-01/share/package-01/models/D435_openrobotics/materials/scripts/model.material:Zone.Identifier
[0.857s] -- Up-to-date: /root/ws/assets/package-01/install/package-01/share/package-01/models/D435_openrobotics/materials/textures
[0.885s] -- Up-to-date: /root/ws/assets/package-01/install/package-01/share/package-01/models/D435_openrobotics/materials/textures/RealSense_Albedo.png
[0.917s] -- Up-to-date: /root/ws/assets/package-01/install/package-01/share/package-01/models/D435_openrobotics/materials/textures/RealSense_Albedo.png:Zone.Identifier
[0.948s] -- Up-to-date: /root/ws/assets/package-01/install/package-01/share/package-01/models/D435_openrobotics/materials/textures/RealSense_Metalness.png
[0.970s] -- Up-to-date: /root/ws/assets/package-01/install/package-01/share/package-01/models/D435_openrobotics/materials/textures/RealSense_Metalness.png:Zone.Identifier
[0.997s] -- Up-to-date: /root/ws/assets/package-01/install/package-01/share/package-01/models/D435_openrobotics/materials/textures/RealSense_Normal.png
[1.022s] -- Up-to-date: /root/ws/assets/package-01/install/package-01/share/package-01/models/D435_openrobotics/materials/textures/RealSense_Normal.png:Zone.Identifier
[1.049s] -- Up-to-date: /root/ws/assets/package-01/install/package-01/share/package-01/models/D435_openrobotics/materials/textures/RealSense_Roughness.png
[1.076s] -- Up-to-date: /root/ws/assets/package-01/install/package-01/share/package-01/models/D435_openrobotics/materials/textures/RealSense_Roughness.png:Zone.Identifier
[1.097s] -- Up-to-date: /root/ws/assets/package-01/install/package-01/share/package-01/models/D435_openrobotics/meshes
[1.124s] -- Up-to-date: /root/ws/assets/package-01/install/package-01/share/package-01/models/D435_openrobotics/meshes/realsense.dae
[1.147s] -- Up-to-date: /root/ws/assets/package-01/install/package-01/share/package-01/models/D435_openrobotics/meshes/realsense.dae:Zone.Identifier
[1.164s] -- Up-to-date: /root/ws/assets/package-01/install/package-01/share/package-01/models/D435_openrobotics/model.config
[1.180s] -- Up-to-date: /root/ws/assets/package-01/install/package-01/share/package-01/models/D435_openrobotics/model.config:Zone.Identifier
[1.197s] -- Up-to-date: /root/ws/assets/package-01/install/package-01/share/package-01/models/D435_openrobotics/model.sdf
[1.222s] -- Up-to-date: /root/ws/assets/package-01/install/package-01/share/package-01/models/D435_openrobotics/model.sdf:Zone.Identifier
[1.245s] -- Up-to-date: /root/ws/assets/package-01/install/package-01/share/package-01/models/D435_openrobotics/thumbnails
[1.273s] -- Up-to-date: /root/ws/assets/package-01/install/package-01/share/package-01/models/D435_openrobotics/thumbnails/1.png
[1.295s] -- Up-to-date: /root/ws/assets/package-01/install/package-01/share/package-01/models/D435_openrobotics/thumbnails/1.png:Zone.Identifier
[1.317s] -- Up-to-date: /root/ws/assets/package-01/install/package-01/share/package-01/models/D435_openrobotics/thumbnails/2.png
[1.340s] -- Up-to-date: /root/ws/assets/package-01/install/package-01/share/package-01/models/D435_openrobotics/thumbnails/2.png:Zone.Identifier
[1.363s] -- Up-to-date: /root/ws/assets/package-01/install/package-01/share/package-01/models/D435_openrobotics/thumbnails/3.png
[1.388s] -- Up-to-date: /root/ws/assets/package-01/install/package-01/share/package-01/models/D435_openrobotics/thumbnails/3.png:Zone.Identifier
[1.413s] -- Up-to-date: /root/ws/assets/package-01/install/package-01/share/package-01/models/D435_openrobotics/thumbnails/4.png
[1.433s] -- Up-to-date: /root/ws/assets/package-01/install/package-01/share/package-01/models/D435_openrobotics/thumbnails/4.png:Zone.Identifier
[1.449s] -- Up-to-date: /root/ws/assets/package-01/install/package-01/share/package-01/models/D435_openrobotics.sdf
[1.459s] -- Up-to-date: /root/ws/assets/package-01/install/package-01/share/package-01/config
[1.475s] -- Up-to-date: /root/ws/assets/package-01/install/package-01/share/package-01/config/rs-hardware-general.rviz
[1.491s] -- Up-to-date: /root/ws/assets/package-01/install/package-01/share/package-01/config/rs-hardware-test.rviz
[1.511s] -- Up-to-date: /root/ws/assets/package-01/install/package-01/share/package-01/config/rs-igngz-general.rviz
[1.529s] -- Up-to-date: /root/ws/assets/package-01/install/package-01/share/package-01/config/rs-igngz-test.rviz
[1.547s] -- Up-to-date: /root/ws/assets/package-01/install/package-01/share/package-01/config/rs-pointcloud-hardware.rviz
[1.562s] -- Up-to-date: /root/ws/assets/package-01/install/package-01/share/package-01/config/rs-pointcloud-igngz.rviz
[1.578s] -- Up-to-date: /root/ws/assets/package-01/install/package-01/share/package-01/config/rs-rgbd-hardware.rviz
[1.591s] -- Up-to-date: /root/ws/assets/package-01/install/package-01/share/package-01/config/rs-rgbd-igngz.rviz
[1.624s] -- Up-to-date: /root/ws/assets/package-01/install/package-01/share/ament_index/resource_index/package_run_dependencies/package-01
[1.658s] -- Up-to-date: /root/ws/assets/package-01/install/package-01/share/ament_index/resource_index/parent_prefix_path/package-01
[1.674s] -- Up-to-date: /root/ws/assets/package-01/install/package-01/share/package-01/environment/ament_prefix_path.sh
[1.692s] -- Up-to-date: /root/ws/assets/package-01/install/package-01/share/package-01/environment/ament_prefix_path.dsv
[1.705s] -- Up-to-date: /root/ws/assets/package-01/install/package-01/share/package-01/environment/path.sh
[1.723s] -- Up-to-date: /root/ws/assets/package-01/install/package-01/share/package-01/environment/path.dsv
[1.740s] -- Up-to-date: /root/ws/assets/package-01/install/package-01/share/package-01/local_setup.bash
[1.757s] -- Up-to-date: /root/ws/assets/package-01/install/package-01/share/package-01/local_setup.sh
[1.779s] -- Up-to-date: /root/ws/assets/package-01/install/package-01/share/package-01/local_setup.zsh
[1.796s] -- Up-to-date: /root/ws/assets/package-01/install/package-01/share/package-01/local_setup.dsv
[1.810s] -- Installing: /root/ws/assets/package-01/install/package-01/share/package-01/package.dsv
[1.871s] -- Up-to-date: /root/ws/assets/package-01/install/package-01/share/ament_index/resource_index/packages/package-01
[1.890s] -- Up-to-date: /root/ws/assets/package-01/install/package-01/share/package-01/cmake/package-01Config.cmake
[1.908s] -- Up-to-date: /root/ws/assets/package-01/install/package-01/share/package-01/cmake/package-01Config-version.cmake
[1.927s] -- Up-to-date: /root/ws/assets/package-01/install/package-01/share/package-01/package.xml
[1.939s] Invoked command in '/root/ws/assets/package-01/build/package-01' returned '0': CMAKE_PREFIX_PATH=${CMAKE_PREFIX_PATH}:/opt/ros/humble /usr/bin/cmake --install /root/ws/assets/package-01/build/package-01
