[0.142s] Invoking command in '/root/ws/assets/package-01/build/package-01': CMAKE_PREFIX_PATH=${CMAKE_PREFIX_PATH}:/opt/ros/humble /usr/bin/cmake --build /root/ws/assets/package-01/build/package-01 -- -j16 -l16
[0.371s] -- Found ament_cmake: 1.3.8 (/opt/ros/humble/share/ament_cmake/cmake)
[1.110s] -- Configuring done
[1.466s] -- Generating done
[1.539s] -- Build files have been written to: /root/ws/assets/package-01/build/package-01
[1.580s] Invoked command in '/root/ws/assets/package-01/build/package-01' returned '0': CMAKE_PREFIX_PATH=${CMAKE_PREFIX_PATH}:/opt/ros/humble /usr/bin/cmake --build /root/ws/assets/package-01/build/package-01 -- -j16 -l16
[1.631s] Invoking command in '/root/ws/assets/package-01/build/package-01': CMAKE_PREFIX_PATH=${CMAKE_PREFIX_PATH}:/opt/ros/humble /usr/bin/cmake --install /root/ws/assets/package-01/build/package-01
[1.644s] -- Install configuration: ""
[1.650s] -- Up-to-date: /root/ws/assets/package-01/install/package-01/share/package-01/launch
[1.668s] -- Installing: /root/ws/assets/package-01/install/package-01/share/package-01/launch/rs-hardware-test.launch.py
[1.734s] -- Installing: /root/ws/assets/package-01/install/package-01/share/package-01/launch/rs-igngz-test.launch.py
[1.806s] -- Up-to-date: /root/ws/assets/package-01/install/package-01/share/package-01/launch/__pycache__
[1.831s] -- Up-to-date: /root/ws/assets/package-01/install/package-01/share/package-01/launch/__pycache__/bridge_launch.cpython-310.pyc
[1.847s] -- Up-to-date: /root/ws/assets/package-01/install/package-01/share/package-01/launch/__pycache__/d435_camera_bridge.launch.cpython-310.pyc
[1.866s] -- Up-to-date: /root/ws/assets/package-01/install/package-01/share/package-01/launch/__pycache__/demo-01_sim.launch.cpython-310.pyc
[1.886s] -- Up-to-date: /root/ws/assets/package-01/install/package-01/share/package-01/launch/__pycache__/gz_sim.launch.cpython-310.pyc
[1.908s] -- Up-to-date: /root/ws/assets/package-01/install/package-01/share/package-01/launch/__pycache__/ign_launch.cpython-310.pyc
[1.928s] -- Installing: /root/ws/assets/package-01/install/package-01/share/package-01/launch/__pycache__/rs-hardware-test.launch.cpython-310.pyc
[1.997s] -- Installing: /root/ws/assets/package-01/install/package-01/share/package-01/launch/__pycache__/rs-igngz-test.launch.cpython-310.pyc
[2.085s] -- Up-to-date: /root/ws/assets/package-01/install/package-01/share/package-01/launch/__pycache__/rviz_launch.cpython-310.pyc
[2.095s] -- Up-to-date: /root/ws/assets/package-01/install/package-01/share/package-01/worlds
[2.114s] -- Installing: /root/ws/assets/package-01/install/package-01/share/package-01/worlds/demo-01.sdf
[2.184s] -- Installing: /root/ws/assets/package-01/install/package-01/share/package-01/worlds/demo-01_alt.sdf
[2.253s] -- Up-to-date: /root/ws/assets/package-01/install/package-01/share/package-01/models
[2.274s] -- Installing: /root/ws/assets/package-01/install/package-01/share/package-01/models/D435_openrobotics.sdf
[2.335s] -- Up-to-date: /root/ws/assets/package-01/install/package-01/share/package-01/models/Intel-RealSense-D435_openrobotics
[2.358s] -- Up-to-date: /root/ws/assets/package-01/install/package-01/share/package-01/models/Intel-RealSense-D435_openrobotics/materials
[2.386s] -- Up-to-date: /root/ws/assets/package-01/install/package-01/share/package-01/models/Intel-RealSense-D435_openrobotics/materials/scripts
[2.423s] -- Up-to-date: /root/ws/assets/package-01/install/package-01/share/package-01/models/Intel-RealSense-D435_openrobotics/materials/scripts/model.material
[2.450s] -- Up-to-date: /root/ws/assets/package-01/install/package-01/share/package-01/models/Intel-RealSense-D435_openrobotics/materials/scripts/model.material:Zone.Identifier
[2.466s] -- Up-to-date: /root/ws/assets/package-01/install/package-01/share/package-01/models/Intel-RealSense-D435_openrobotics/materials/textures
[2.504s] -- Up-to-date: /root/ws/assets/package-01/install/package-01/share/package-01/models/Intel-RealSense-D435_openrobotics/materials/textures/RealSense_Albedo.png
[2.533s] -- Up-to-date: /root/ws/assets/package-01/install/package-01/share/package-01/models/Intel-RealSense-D435_openrobotics/materials/textures/RealSense_Albedo.png:Zone.Identifier
[2.561s] -- Up-to-date: /root/ws/assets/package-01/install/package-01/share/package-01/models/Intel-RealSense-D435_openrobotics/materials/textures/RealSense_Metalness.png
[2.586s] -- Up-to-date: /root/ws/assets/package-01/install/package-01/share/package-01/models/Intel-RealSense-D435_openrobotics/materials/textures/RealSense_Metalness.png:Zone.Identifier
[2.617s] -- Up-to-date: /root/ws/assets/package-01/install/package-01/share/package-01/models/Intel-RealSense-D435_openrobotics/materials/textures/RealSense_Normal.png
[2.647s] -- Up-to-date: /root/ws/assets/package-01/install/package-01/share/package-01/models/Intel-RealSense-D435_openrobotics/materials/textures/RealSense_Normal.png:Zone.Identifier
[2.675s] -- Up-to-date: /root/ws/assets/package-01/install/package-01/share/package-01/models/Intel-RealSense-D435_openrobotics/materials/textures/RealSense_Roughness.png
[2.701s] -- Up-to-date: /root/ws/assets/package-01/install/package-01/share/package-01/models/Intel-RealSense-D435_openrobotics/materials/textures/RealSense_Roughness.png:Zone.Identifier
[2.722s] -- Up-to-date: /root/ws/assets/package-01/install/package-01/share/package-01/models/Intel-RealSense-D435_openrobotics/meshes
[2.753s] -- Up-to-date: /root/ws/assets/package-01/install/package-01/share/package-01/models/Intel-RealSense-D435_openrobotics/meshes/realsense.dae
[2.775s] -- Up-to-date: /root/ws/assets/package-01/install/package-01/share/package-01/models/Intel-RealSense-D435_openrobotics/meshes/realsense.dae:Zone.Identifier
[2.793s] -- Up-to-date: /root/ws/assets/package-01/install/package-01/share/package-01/models/Intel-RealSense-D435_openrobotics/model.config
[2.813s] -- Up-to-date: /root/ws/assets/package-01/install/package-01/share/package-01/models/Intel-RealSense-D435_openrobotics/model.config:Zone.Identifier
[2.834s] -- Up-to-date: /root/ws/assets/package-01/install/package-01/share/package-01/models/Intel-RealSense-D435_openrobotics/model.sdf
[2.854s] -- Up-to-date: /root/ws/assets/package-01/install/package-01/share/package-01/models/Intel-RealSense-D435_openrobotics/model.sdf:Zone.Identifier
[2.871s] -- Up-to-date: /root/ws/assets/package-01/install/package-01/share/package-01/models/Intel-RealSense-D435_openrobotics/thumbnails
[2.899s] -- Up-to-date: /root/ws/assets/package-01/install/package-01/share/package-01/models/Intel-RealSense-D435_openrobotics/thumbnails/1.png
[2.922s] -- Up-to-date: /root/ws/assets/package-01/install/package-01/share/package-01/models/Intel-RealSense-D435_openrobotics/thumbnails/1.png:Zone.Identifier
[2.947s] -- Up-to-date: /root/ws/assets/package-01/install/package-01/share/package-01/models/Intel-RealSense-D435_openrobotics/thumbnails/2.png
[2.971s] -- Up-to-date: /root/ws/assets/package-01/install/package-01/share/package-01/models/Intel-RealSense-D435_openrobotics/thumbnails/2.png:Zone.Identifier
[2.992s] -- Up-to-date: /root/ws/assets/package-01/install/package-01/share/package-01/models/Intel-RealSense-D435_openrobotics/thumbnails/3.png
[3.013s] -- Up-to-date: /root/ws/assets/package-01/install/package-01/share/package-01/models/Intel-RealSense-D435_openrobotics/thumbnails/3.png:Zone.Identifier
[3.039s] -- Up-to-date: /root/ws/assets/package-01/install/package-01/share/package-01/models/Intel-RealSense-D435_openrobotics/thumbnails/4.png
[3.062s] -- Up-to-date: /root/ws/assets/package-01/install/package-01/share/package-01/models/Intel-RealSense-D435_openrobotics/thumbnails/4.png:Zone.Identifier
[3.074s] -- Up-to-date: /root/ws/assets/package-01/install/package-01/share/package-01/config
[3.092s] -- Installing: /root/ws/assets/package-01/install/package-01/share/package-01/config/rs-hardware-general.rviz
[3.155s] -- Installing: /root/ws/assets/package-01/install/package-01/share/package-01/config/rs-hardware-test.rviz
[3.228s] -- Up-to-date: /root/ws/assets/package-01/install/package-01/share/package-01/config/rs-igngz-general.rviz
[3.243s] -- Up-to-date: /root/ws/assets/package-01/install/package-01/share/package-01/config/rs-igngz-test.rviz
[3.258s] -- Up-to-date: /root/ws/assets/package-01/install/package-01/share/package-01/config/rs-pointcloud-hardware.rviz
[3.277s] -- Up-to-date: /root/ws/assets/package-01/install/package-01/share/package-01/config/rs-pointcloud-igngz.rviz
[3.293s] -- Up-to-date: /root/ws/assets/package-01/install/package-01/share/package-01/config/rs-rgbd-hardware.rviz
[3.309s] -- Up-to-date: /root/ws/assets/package-01/install/package-01/share/package-01/config/rs-rgbd-igngz.rviz
[3.340s] -- Up-to-date: /root/ws/assets/package-01/install/package-01/share/ament_index/resource_index/package_run_dependencies/package-01
[3.367s] -- Up-to-date: /root/ws/assets/package-01/install/package-01/share/ament_index/resource_index/parent_prefix_path/package-01
[3.384s] -- Up-to-date: /root/ws/assets/package-01/install/package-01/share/package-01/environment/ament_prefix_path.sh
[3.405s] -- Installing: /root/ws/assets/package-01/install/package-01/share/package-01/environment/ament_prefix_path.dsv
[3.465s] -- Up-to-date: /root/ws/assets/package-01/install/package-01/share/package-01/environment/path.sh
[3.484s] -- Installing: /root/ws/assets/package-01/install/package-01/share/package-01/environment/path.dsv
[3.554s] -- Up-to-date: /root/ws/assets/package-01/install/package-01/share/package-01/local_setup.bash
[3.570s] -- Up-to-date: /root/ws/assets/package-01/install/package-01/share/package-01/local_setup.sh
[3.586s] -- Up-to-date: /root/ws/assets/package-01/install/package-01/share/package-01/local_setup.zsh
[3.603s] -- Installing: /root/ws/assets/package-01/install/package-01/share/package-01/local_setup.dsv
[3.662s] -- Installing: /root/ws/assets/package-01/install/package-01/share/package-01/package.dsv
[3.724s] -- Up-to-date: /root/ws/assets/package-01/install/package-01/share/ament_index/resource_index/packages/package-01
[3.746s] -- Up-to-date: /root/ws/assets/package-01/install/package-01/share/package-01/cmake/package-01Config.cmake
[3.763s] -- Up-to-date: /root/ws/assets/package-01/install/package-01/share/package-01/cmake/package-01Config-version.cmake
[3.778s] -- Up-to-date: /root/ws/assets/package-01/install/package-01/share/package-01/package.xml
[3.787s] Invoked command in '/root/ws/assets/package-01/build/package-01' returned '0': CMAKE_PREFIX_PATH=${CMAKE_PREFIX_PATH}:/opt/ros/humble /usr/bin/cmake --install /root/ws/assets/package-01/build/package-01
