[1.568s] DEBUG:colcon:Command line arguments: ['/usr/local/bin/colcon', 'build']
[1.569s] DEBUG:colcon:Parsed command line arguments: Namespace(log_base=None, log_level=None, verb_name='build', build_base='build', install_base='install', merge_install=False, symlink_install=False, test_result_base=None, continue_on_error=False, executor='parallel', parallel_workers=16, event_handlers=None, ignore_user_meta=False, metas=['./colcon.meta'], base_paths=['.'], packages_ignore=None, packages_ignore_regex=None, paths=None, packages_up_to=None, packages_up_to_regex=None, packages_above=None, packages_above_and_dependencies=None, packages_above_depth=None, packages_select_by_dep=None, packages_skip_by_dep=None, packages_skip_up_to=None, packages_select_build_failed=False, packages_skip_build_finished=False, packages_select_test_failures=False, packages_skip_test_passed=False, packages_select=None, packages_skip=None, packages_select_regex=None, packages_skip_regex=None, packages_start=None, packages_end=None, allow_overriding=[], cmake_args=None, cmake_target=None, cmake_target_skip_unavailable=False, cmake_clean_cache=False, cmake_clean_first=False, cmake_force_configure=False, ament_cmake_args=None, catkin_cmake_args=None, catkin_skip_building_tests=False, verb_parser=<colcon_defaults.argument_parser.defaults.DefaultArgumentsDecorator object at 0x7fee78f8afe0>, verb_extension=<colcon_core.verb.build.BuildVerb object at 0x7fee793d3220>, main=<bound method BuildVerb.main of <colcon_core.verb.build.BuildVerb object at 0x7fee793d3220>>)
[1.651s] Level 1:colcon.colcon_core.package_discovery:discover_packages(colcon_meta) check parameters
[1.651s] Level 1:colcon.colcon_core.package_discovery:discover_packages(recursive) check parameters
[1.651s] Level 1:colcon.colcon_core.package_discovery:discover_packages(ignore) check parameters
[1.652s] Level 1:colcon.colcon_core.package_discovery:discover_packages(path) check parameters
[1.652s] Level 1:colcon.colcon_core.package_discovery:discover_packages(colcon_meta) discover
[1.652s] Level 1:colcon.colcon_core.package_discovery:discover_packages(recursive) discover
[1.652s] INFO:colcon.colcon_core.package_discovery:Crawling recursively for packages in '/root/ws/assets/package-01'
[1.653s] Level 1:colcon.colcon_core.package_identification:_identify(.) by extensions ['ignore', 'ignore_ament_install']
[1.653s] Level 1:colcon.colcon_core.package_identification:_identify(.) by extension 'ignore'
[1.653s] Level 1:colcon.colcon_core.package_identification:_identify(.) by extension 'ignore_ament_install'
[1.654s] Level 1:colcon.colcon_core.package_identification:_identify(.) by extensions ['colcon_pkg']
[1.654s] Level 1:colcon.colcon_core.package_identification:_identify(.) by extension 'colcon_pkg'
[1.654s] Level 1:colcon.colcon_core.package_identification:_identify(.) by extensions ['colcon_meta']
[1.654s] Level 1:colcon.colcon_core.package_identification:_identify(.) by extension 'colcon_meta'
[1.654s] Level 1:colcon.colcon_core.package_identification:_identify(.) by extensions ['ros']
[1.654s] Level 1:colcon.colcon_core.package_identification:_identify(.) by extension 'ros'
[1.691s] DEBUG:colcon.colcon_core.package_identification:Package '.' with type 'ros.ament_cmake' and name 'package-01'
[1.691s] Level 1:colcon.colcon_core.package_discovery:discover_packages(recursive) using defaults
[1.691s] Level 1:colcon.colcon_core.package_discovery:discover_packages(ignore) discover
[1.691s] Level 1:colcon.colcon_core.package_discovery:discover_packages(ignore) using defaults
[1.691s] Level 1:colcon.colcon_core.package_discovery:discover_packages(path) discover
[1.691s] Level 1:colcon.colcon_core.package_discovery:discover_packages(path) using defaults
[1.797s] Level 1:colcon.colcon_core.package_discovery:discover_packages(prefix_path) check parameters
[1.798s] Level 1:colcon.colcon_core.package_discovery:discover_packages(prefix_path) discover
[1.869s] DEBUG:colcon.colcon_installed_package_information.package_discovery:Found 1 installed packages in /root/ws/assets/package-01/install
[1.908s] DEBUG:colcon.colcon_installed_package_information.package_discovery:Found 123 installed packages in /root/ws/install
[1.925s] DEBUG:colcon.colcon_installed_package_information.package_discovery:Found 358 installed packages in /opt/ros/humble
[1.927s] Level 1:colcon.colcon_core.package_discovery:discover_packages(prefix_path) using defaults
[2.154s] Level 5:colcon.colcon_core.verb:set package 'package-01' build argument 'cmake_args' from command line to 'None'
[2.154s] Level 5:colcon.colcon_core.verb:set package 'package-01' build argument 'cmake_target' from command line to 'None'
[2.154s] Level 5:colcon.colcon_core.verb:set package 'package-01' build argument 'cmake_target_skip_unavailable' from command line to 'False'
[2.154s] Level 5:colcon.colcon_core.verb:set package 'package-01' build argument 'cmake_clean_cache' from command line to 'False'
[2.154s] Level 5:colcon.colcon_core.verb:set package 'package-01' build argument 'cmake_clean_first' from command line to 'False'
[2.155s] Level 5:colcon.colcon_core.verb:set package 'package-01' build argument 'cmake_force_configure' from command line to 'False'
[2.155s] Level 5:colcon.colcon_core.verb:set package 'package-01' build argument 'ament_cmake_args' from command line to 'None'
[2.155s] Level 5:colcon.colcon_core.verb:set package 'package-01' build argument 'catkin_cmake_args' from command line to 'None'
[2.155s] Level 5:colcon.colcon_core.verb:set package 'package-01' build argument 'catkin_skip_building_tests' from command line to 'False'
[2.155s] DEBUG:colcon.colcon_core.verb:Building package 'package-01' with the following arguments: {'ament_cmake_args': None, 'build_base': '/root/ws/assets/package-01/build/package-01', 'catkin_cmake_args': None, 'catkin_skip_building_tests': False, 'cmake_args': None, 'cmake_clean_cache': False, 'cmake_clean_first': False, 'cmake_force_configure': False, 'cmake_target': None, 'cmake_target_skip_unavailable': False, 'install_base': '/root/ws/assets/package-01/install/package-01', 'merge_install': False, 'path': '/root/ws/assets/package-01', 'symlink_install': False, 'test_result_base': None}
[2.174s] INFO:colcon.colcon_core.executor:Executing jobs using 'parallel' executor
[2.190s] DEBUG:colcon.colcon_parallel_executor.executor.parallel:run_until_complete
[2.190s] INFO:colcon.colcon_ros.task.ament_cmake.build:Building ROS package in '/root/ws/assets/package-01' with build type 'ament_cmake'
[2.190s] INFO:colcon.colcon_cmake.task.cmake.build:Building CMake package in '/root/ws/assets/package-01'
[2.213s] INFO:colcon.colcon_core.plugin_system:Skipping extension 'colcon_core.shell.bat': Not used on non-Windows systems
[2.214s] INFO:colcon.colcon_core.shell:Skip shell extension 'powershell' for command environment: Not usable outside of PowerShell
[2.214s] DEBUG:colcon.colcon_core.shell:Skip shell extension 'dsv' for command environment
[2.401s] DEBUG:colcon.colcon_core.event_handler.log_command:Invoking command in '/root/ws/assets/package-01/build/package-01': CMAKE_PREFIX_PATH=${CMAKE_PREFIX_PATH}:/opt/ros/humble /usr/bin/cmake --build /root/ws/assets/package-01/build/package-01 -- -j16 -l16
[2.556s] DEBUG:colcon.colcon_core.event_handler.log_command:Invoked command in '/root/ws/assets/package-01/build/package-01' returned '0': CMAKE_PREFIX_PATH=${CMAKE_PREFIX_PATH}:/opt/ros/humble /usr/bin/cmake --build /root/ws/assets/package-01/build/package-01 -- -j16 -l16
[2.595s] DEBUG:colcon.colcon_core.event_handler.log_command:Invoking command in '/root/ws/assets/package-01/build/package-01': CMAKE_PREFIX_PATH=${CMAKE_PREFIX_PATH}:/opt/ros/humble /usr/bin/cmake --install /root/ws/assets/package-01/build/package-01
[4.247s] Level 1:colcon.colcon_core.environment:create_environment_scripts_only(package-01)
[4.266s] DEBUG:colcon.colcon_core.event_handler.log_command:Invoked command in '/root/ws/assets/package-01/build/package-01' returned '0': CMAKE_PREFIX_PATH=${CMAKE_PREFIX_PATH}:/opt/ros/humble /usr/bin/cmake --install /root/ws/assets/package-01/build/package-01
[4.272s] Level 1:colcon.colcon_core.environment:checking '/root/ws/assets/package-01/install/package-01' for CMake module files
[4.336s] Level 1:colcon.colcon_core.environment:checking '/root/ws/assets/package-01/install/package-01' for CMake config files
[4.382s] Level 1:colcon.colcon_core.shell:create_environment_hook('package-01', 'cmake_prefix_path')
[4.399s] INFO:colcon.colcon_core.shell:Creating environment hook '/root/ws/assets/package-01/install/package-01/share/package-01/hook/cmake_prefix_path.ps1'
[4.411s] INFO:colcon.colcon_core.shell:Creating environment descriptor '/root/ws/assets/package-01/install/package-01/share/package-01/hook/cmake_prefix_path.dsv'
[4.422s] INFO:colcon.colcon_core.shell:Creating environment hook '/root/ws/assets/package-01/install/package-01/share/package-01/hook/cmake_prefix_path.sh'
[4.436s] Level 1:colcon.colcon_core.environment:checking '/root/ws/assets/package-01/install/package-01/bin'
[4.438s] Level 1:colcon.colcon_core.environment:checking '/root/ws/assets/package-01/install/package-01/lib/pkgconfig/package-01.pc'
[4.439s] Level 1:colcon.colcon_core.environment:checking '/root/ws/assets/package-01/install/package-01/lib/python3.10/site-packages'
[4.441s] Level 1:colcon.colcon_core.environment:checking '/root/ws/assets/package-01/install/package-01/bin'
[4.457s] INFO:colcon.colcon_core.shell:Creating package script '/root/ws/assets/package-01/install/package-01/share/package-01/package.ps1'
[4.467s] INFO:colcon.colcon_core.shell:Creating package descriptor '/root/ws/assets/package-01/install/package-01/share/package-01/package.dsv'
[4.477s] INFO:colcon.colcon_core.shell:Creating package script '/root/ws/assets/package-01/install/package-01/share/package-01/package.sh'
[4.486s] INFO:colcon.colcon_core.shell:Creating package script '/root/ws/assets/package-01/install/package-01/share/package-01/package.bash'
[4.496s] INFO:colcon.colcon_core.shell:Creating package script '/root/ws/assets/package-01/install/package-01/share/package-01/package.zsh'
[4.509s] Level 1:colcon.colcon_core.environment:create_file_with_runtime_dependencies(/root/ws/assets/package-01/install/package-01/share/colcon-core/packages/package-01)
[4.581s] Level 1:colcon.colcon_core.environment:create_environment_scripts_only(package-01)
[4.601s] Level 1:colcon.colcon_core.environment:checking '/root/ws/assets/package-01/install/package-01' for CMake module files
[4.672s] Level 1:colcon.colcon_core.environment:checking '/root/ws/assets/package-01/install/package-01' for CMake config files
[4.719s] Level 1:colcon.colcon_core.shell:create_environment_hook('package-01', 'cmake_prefix_path')
[4.739s] INFO:colcon.colcon_core.shell:Creating environment hook '/root/ws/assets/package-01/install/package-01/share/package-01/hook/cmake_prefix_path.ps1'
[4.750s] INFO:colcon.colcon_core.shell:Creating environment descriptor '/root/ws/assets/package-01/install/package-01/share/package-01/hook/cmake_prefix_path.dsv'
[4.761s] INFO:colcon.colcon_core.shell:Creating environment hook '/root/ws/assets/package-01/install/package-01/share/package-01/hook/cmake_prefix_path.sh'
[4.777s] Level 1:colcon.colcon_core.environment:checking '/root/ws/assets/package-01/install/package-01/bin'
[4.779s] Level 1:colcon.colcon_core.environment:checking '/root/ws/assets/package-01/install/package-01/lib/pkgconfig/package-01.pc'
[4.780s] Level 1:colcon.colcon_core.environment:checking '/root/ws/assets/package-01/install/package-01/lib/python3.10/site-packages'
[4.782s] Level 1:colcon.colcon_core.environment:checking '/root/ws/assets/package-01/install/package-01/bin'
[4.802s] INFO:colcon.colcon_core.shell:Creating package script '/root/ws/assets/package-01/install/package-01/share/package-01/package.ps1'
[4.815s] INFO:colcon.colcon_core.shell:Creating package descriptor '/root/ws/assets/package-01/install/package-01/share/package-01/package.dsv'
[4.826s] INFO:colcon.colcon_core.shell:Creating package script '/root/ws/assets/package-01/install/package-01/share/package-01/package.sh'
[4.836s] INFO:colcon.colcon_core.shell:Creating package script '/root/ws/assets/package-01/install/package-01/share/package-01/package.bash'
[4.850s] INFO:colcon.colcon_core.shell:Creating package script '/root/ws/assets/package-01/install/package-01/share/package-01/package.zsh'
[4.861s] Level 1:colcon.colcon_core.environment:create_file_with_runtime_dependencies(/root/ws/assets/package-01/install/package-01/share/colcon-core/packages/package-01)
[4.870s] DEBUG:colcon.colcon_parallel_executor.executor.parallel:closing loop
[4.870s] DEBUG:colcon.colcon_parallel_executor.executor.parallel:loop closed
[4.871s] DEBUG:colcon.colcon_parallel_executor.executor.parallel:run_until_complete finished with '0'
[4.871s] DEBUG:colcon.colcon_core.event_reactor:joining thread
[4.926s] INFO:colcon.colcon_core.plugin_system:Skipping extension 'colcon_notification.desktop_notification.notify_send': Could not find 'notify-send'
[4.926s] INFO:colcon.colcon_core.plugin_system:Skipping extension 'colcon_notification.desktop_notification.terminal_notifier': Not used on non-Darwin systems
[4.926s] INFO:colcon.colcon_core.plugin_system:Skipping extension 'colcon_notification.desktop_notification.win32': Not used on non-Windows systems
[4.927s] INFO:colcon.colcon_notification.desktop_notification:Sending desktop notification using 'notify2'
[4.933s] DEBUG:colcon.colcon_notification.desktop_notification.notify2:Failed to initialize notify2: org.freedesktop.DBus.Error.Spawn.ExecFailed: /usr/bin/dbus-launch terminated abnormally without any error message
[4.934s] DEBUG:colcon.colcon_core.event_reactor:joined thread
[4.957s] INFO:colcon.colcon_core.shell:Creating prefix script '/root/ws/assets/package-01/install/local_setup.ps1'
[4.965s] INFO:colcon.colcon_core.shell:Creating prefix util module '/root/ws/assets/package-01/install/_local_setup_util_ps1.py'
[4.972s] INFO:colcon.colcon_core.shell:Creating prefix chain script '/root/ws/assets/package-01/install/setup.ps1'
[5.005s] INFO:colcon.colcon_core.shell:Creating prefix script '/root/ws/assets/package-01/install/local_setup.sh'
[5.012s] INFO:colcon.colcon_core.shell:Creating prefix util module '/root/ws/assets/package-01/install/_local_setup_util_sh.py'
[5.018s] INFO:colcon.colcon_core.shell:Creating prefix chain script '/root/ws/assets/package-01/install/setup.sh'
[5.054s] INFO:colcon.colcon_core.shell:Creating prefix script '/root/ws/assets/package-01/install/local_setup.bash'
[5.060s] INFO:colcon.colcon_core.shell:Creating prefix chain script '/root/ws/assets/package-01/install/setup.bash'
[5.088s] INFO:colcon.colcon_core.shell:Creating prefix script '/root/ws/assets/package-01/install/local_setup.zsh'
[5.092s] INFO:colcon.colcon_core.shell:Creating prefix chain script '/root/ws/assets/package-01/install/setup.zsh'
