[1.106s] DEBUG:colcon:Command line arguments: ['/usr/local/bin/colcon', 'build']
[1.106s] DEBUG:colcon:Parsed command line arguments: Namespace(log_base=None, log_level=None, verb_name='build', build_base='build', install_base='install', merge_install=False, symlink_install=False, test_result_base=None, continue_on_error=False, executor='parallel', parallel_workers=16, event_handlers=None, ignore_user_meta=False, metas=['./colcon.meta'], base_paths=['.'], packages_ignore=None, packages_ignore_regex=None, paths=None, packages_up_to=None, packages_up_to_regex=None, packages_above=None, packages_above_and_dependencies=None, packages_above_depth=None, packages_select_by_dep=None, packages_skip_by_dep=None, packages_skip_up_to=None, packages_select_build_failed=False, packages_skip_build_finished=False, packages_select_test_failures=False, packages_skip_test_passed=False, packages_select=None, packages_skip=None, packages_select_regex=None, packages_skip_regex=None, packages_start=None, packages_end=None, allow_overriding=[], cmake_args=None, cmake_target=None, cmake_target_skip_unavailable=False, cmake_clean_cache=False, cmake_clean_first=False, cmake_force_configure=False, ament_cmake_args=None, catkin_cmake_args=None, catkin_skip_building_tests=False, verb_parser=<colcon_defaults.argument_parser.defaults.DefaultArgumentsDecorator object at 0x7f80fb976fe0>, verb_extension=<colcon_core.verb.build.BuildVerb object at 0x7f80fbdcf220>, main=<bound method BuildVerb.main of <colcon_core.verb.build.BuildVerb object at 0x7f80fbdcf220>>)
[1.167s] Level 1:colcon.colcon_core.package_discovery:discover_packages(colcon_meta) check parameters
[1.168s] Level 1:colcon.colcon_core.package_discovery:discover_packages(recursive) check parameters
[1.168s] Level 1:colcon.colcon_core.package_discovery:discover_packages(ignore) check parameters
[1.168s] Level 1:colcon.colcon_core.package_discovery:discover_packages(path) check parameters
[1.169s] Level 1:colcon.colcon_core.package_discovery:discover_packages(colcon_meta) discover
[1.169s] Level 1:colcon.colcon_core.package_discovery:discover_packages(recursive) discover
[1.169s] INFO:colcon.colcon_core.package_discovery:Crawling recursively for packages in '/root/ws/assets/package-01'
[1.170s] Level 1:colcon.colcon_core.package_identification:_identify(.) by extensions ['ignore', 'ignore_ament_install']
[1.170s] Level 1:colcon.colcon_core.package_identification:_identify(.) by extension 'ignore'
[1.170s] Level 1:colcon.colcon_core.package_identification:_identify(.) by extension 'ignore_ament_install'
[1.171s] Level 1:colcon.colcon_core.package_identification:_identify(.) by extensions ['colcon_pkg']
[1.171s] Level 1:colcon.colcon_core.package_identification:_identify(.) by extension 'colcon_pkg'
[1.171s] Level 1:colcon.colcon_core.package_identification:_identify(.) by extensions ['colcon_meta']
[1.171s] Level 1:colcon.colcon_core.package_identification:_identify(.) by extension 'colcon_meta'
[1.171s] Level 1:colcon.colcon_core.package_identification:_identify(.) by extensions ['ros']
[1.172s] Level 1:colcon.colcon_core.package_identification:_identify(.) by extension 'ros'
[1.202s] DEBUG:colcon.colcon_core.package_identification:Package '.' with type 'ros.ament_cmake' and name 'package-01'
[1.203s] Level 1:colcon.colcon_core.package_discovery:discover_packages(recursive) using defaults
[1.203s] Level 1:colcon.colcon_core.package_discovery:discover_packages(ignore) discover
[1.203s] Level 1:colcon.colcon_core.package_discovery:discover_packages(ignore) using defaults
[1.203s] Level 1:colcon.colcon_core.package_discovery:discover_packages(path) discover
[1.203s] Level 1:colcon.colcon_core.package_discovery:discover_packages(path) using defaults
[1.301s] Level 1:colcon.colcon_core.package_discovery:discover_packages(prefix_path) check parameters
[1.301s] Level 1:colcon.colcon_core.package_discovery:discover_packages(prefix_path) discover
[1.371s] DEBUG:colcon.colcon_installed_package_information.package_discovery:Found 1 installed packages in /root/ws/assets/package-01/install
[1.409s] DEBUG:colcon.colcon_installed_package_information.package_discovery:Found 123 installed packages in /root/ws/install
[1.434s] DEBUG:colcon.colcon_installed_package_information.package_discovery:Found 358 installed packages in /opt/ros/humble
[1.437s] Level 1:colcon.colcon_core.package_discovery:discover_packages(prefix_path) using defaults
[1.560s] Level 5:colcon.colcon_core.verb:set package 'package-01' build argument 'cmake_args' from command line to 'None'
[1.560s] Level 5:colcon.colcon_core.verb:set package 'package-01' build argument 'cmake_target' from command line to 'None'
[1.560s] Level 5:colcon.colcon_core.verb:set package 'package-01' build argument 'cmake_target_skip_unavailable' from command line to 'False'
[1.560s] Level 5:colcon.colcon_core.verb:set package 'package-01' build argument 'cmake_clean_cache' from command line to 'False'
[1.561s] Level 5:colcon.colcon_core.verb:set package 'package-01' build argument 'cmake_clean_first' from command line to 'False'
[1.561s] Level 5:colcon.colcon_core.verb:set package 'package-01' build argument 'cmake_force_configure' from command line to 'False'
[1.561s] Level 5:colcon.colcon_core.verb:set package 'package-01' build argument 'ament_cmake_args' from command line to 'None'
[1.561s] Level 5:colcon.colcon_core.verb:set package 'package-01' build argument 'catkin_cmake_args' from command line to 'None'
[1.561s] Level 5:colcon.colcon_core.verb:set package 'package-01' build argument 'catkin_skip_building_tests' from command line to 'False'
[1.561s] DEBUG:colcon.colcon_core.verb:Building package 'package-01' with the following arguments: {'ament_cmake_args': None, 'build_base': '/root/ws/assets/package-01/build/package-01', 'catkin_cmake_args': None, 'catkin_skip_building_tests': False, 'cmake_args': None, 'cmake_clean_cache': False, 'cmake_clean_first': False, 'cmake_force_configure': False, 'cmake_target': None, 'cmake_target_skip_unavailable': False, 'install_base': '/root/ws/assets/package-01/install/package-01', 'merge_install': False, 'path': '/root/ws/assets/package-01', 'symlink_install': False, 'test_result_base': None}
[1.575s] INFO:colcon.colcon_core.executor:Executing jobs using 'parallel' executor
[1.590s] DEBUG:colcon.colcon_parallel_executor.executor.parallel:run_until_complete
[1.590s] INFO:colcon.colcon_ros.task.ament_cmake.build:Building ROS package in '/root/ws/assets/package-01' with build type 'ament_cmake'
[1.591s] INFO:colcon.colcon_cmake.task.cmake.build:Building CMake package in '/root/ws/assets/package-01'
[1.607s] INFO:colcon.colcon_core.plugin_system:Skipping extension 'colcon_core.shell.bat': Not used on non-Windows systems
[1.608s] INFO:colcon.colcon_core.shell:Skip shell extension 'powershell' for command environment: Not usable outside of PowerShell
[1.608s] DEBUG:colcon.colcon_core.shell:Skip shell extension 'dsv' for command environment
[1.778s] DEBUG:colcon.colcon_core.event_handler.log_command:Invoking command in '/root/ws/assets/package-01/build/package-01': CMAKE_PREFIX_PATH=${CMAKE_PREFIX_PATH}:/opt/ros/humble /usr/bin/cmake --build /root/ws/assets/package-01/build/package-01 -- -j16 -l16
[1.872s] DEBUG:colcon.colcon_core.event_handler.log_command:Invoked command in '/root/ws/assets/package-01/build/package-01' returned '0': CMAKE_PREFIX_PATH=${CMAKE_PREFIX_PATH}:/opt/ros/humble /usr/bin/cmake --build /root/ws/assets/package-01/build/package-01 -- -j16 -l16
[1.917s] DEBUG:colcon.colcon_core.event_handler.log_command:Invoking command in '/root/ws/assets/package-01/build/package-01': CMAKE_PREFIX_PATH=${CMAKE_PREFIX_PATH}:/opt/ros/humble /usr/bin/cmake --install /root/ws/assets/package-01/build/package-01
[3.573s] Level 1:colcon.colcon_core.environment:create_environment_scripts_only(package-01)
[3.574s] DEBUG:colcon.colcon_core.event_handler.log_command:Invoked command in '/root/ws/assets/package-01/build/package-01' returned '0': CMAKE_PREFIX_PATH=${CMAKE_PREFIX_PATH}:/opt/ros/humble /usr/bin/cmake --install /root/ws/assets/package-01/build/package-01
[3.591s] Level 1:colcon.colcon_core.environment:checking '/root/ws/assets/package-01/install/package-01' for CMake module files
[3.679s] Level 1:colcon.colcon_core.environment:checking '/root/ws/assets/package-01/install/package-01' for CMake config files
[3.727s] Level 1:colcon.colcon_core.shell:create_environment_hook('package-01', 'cmake_prefix_path')
[3.742s] INFO:colcon.colcon_core.shell:Creating environment hook '/root/ws/assets/package-01/install/package-01/share/package-01/hook/cmake_prefix_path.ps1'
[3.754s] INFO:colcon.colcon_core.shell:Creating environment descriptor '/root/ws/assets/package-01/install/package-01/share/package-01/hook/cmake_prefix_path.dsv'
[3.765s] INFO:colcon.colcon_core.shell:Creating environment hook '/root/ws/assets/package-01/install/package-01/share/package-01/hook/cmake_prefix_path.sh'
[3.784s] Level 1:colcon.colcon_core.environment:checking '/root/ws/assets/package-01/install/package-01/bin'
[3.786s] Level 1:colcon.colcon_core.environment:checking '/root/ws/assets/package-01/install/package-01/lib/pkgconfig/package-01.pc'
[3.787s] Level 1:colcon.colcon_core.environment:checking '/root/ws/assets/package-01/install/package-01/lib/python3.10/site-packages'
[3.789s] Level 1:colcon.colcon_core.environment:checking '/root/ws/assets/package-01/install/package-01/bin'
[3.810s] INFO:colcon.colcon_core.shell:Creating package script '/root/ws/assets/package-01/install/package-01/share/package-01/package.ps1'
[3.821s] INFO:colcon.colcon_core.shell:Creating package descriptor '/root/ws/assets/package-01/install/package-01/share/package-01/package.dsv'
[3.832s] INFO:colcon.colcon_core.shell:Creating package script '/root/ws/assets/package-01/install/package-01/share/package-01/package.sh'
[3.842s] INFO:colcon.colcon_core.shell:Creating package script '/root/ws/assets/package-01/install/package-01/share/package-01/package.bash'
[3.855s] INFO:colcon.colcon_core.shell:Creating package script '/root/ws/assets/package-01/install/package-01/share/package-01/package.zsh'
[3.866s] Level 1:colcon.colcon_core.environment:create_file_with_runtime_dependencies(/root/ws/assets/package-01/install/package-01/share/colcon-core/packages/package-01)
[3.920s] Level 1:colcon.colcon_core.environment:create_environment_scripts_only(package-01)
[3.941s] Level 1:colcon.colcon_core.environment:checking '/root/ws/assets/package-01/install/package-01' for CMake module files
[4.017s] Level 1:colcon.colcon_core.environment:checking '/root/ws/assets/package-01/install/package-01' for CMake config files
[4.062s] Level 1:colcon.colcon_core.shell:create_environment_hook('package-01', 'cmake_prefix_path')
[4.079s] INFO:colcon.colcon_core.shell:Creating environment hook '/root/ws/assets/package-01/install/package-01/share/package-01/hook/cmake_prefix_path.ps1'
[4.094s] INFO:colcon.colcon_core.shell:Creating environment descriptor '/root/ws/assets/package-01/install/package-01/share/package-01/hook/cmake_prefix_path.dsv'
[4.110s] INFO:colcon.colcon_core.shell:Creating environment hook '/root/ws/assets/package-01/install/package-01/share/package-01/hook/cmake_prefix_path.sh'
[4.125s] Level 1:colcon.colcon_core.environment:checking '/root/ws/assets/package-01/install/package-01/bin'
[4.126s] Level 1:colcon.colcon_core.environment:checking '/root/ws/assets/package-01/install/package-01/lib/pkgconfig/package-01.pc'
[4.127s] Level 1:colcon.colcon_core.environment:checking '/root/ws/assets/package-01/install/package-01/lib/python3.10/site-packages'
[4.129s] Level 1:colcon.colcon_core.environment:checking '/root/ws/assets/package-01/install/package-01/bin'
[4.145s] INFO:colcon.colcon_core.shell:Creating package script '/root/ws/assets/package-01/install/package-01/share/package-01/package.ps1'
[4.157s] INFO:colcon.colcon_core.shell:Creating package descriptor '/root/ws/assets/package-01/install/package-01/share/package-01/package.dsv'
[4.167s] INFO:colcon.colcon_core.shell:Creating package script '/root/ws/assets/package-01/install/package-01/share/package-01/package.sh'
[4.176s] INFO:colcon.colcon_core.shell:Creating package script '/root/ws/assets/package-01/install/package-01/share/package-01/package.bash'
[4.186s] INFO:colcon.colcon_core.shell:Creating package script '/root/ws/assets/package-01/install/package-01/share/package-01/package.zsh'
[4.198s] Level 1:colcon.colcon_core.environment:create_file_with_runtime_dependencies(/root/ws/assets/package-01/install/package-01/share/colcon-core/packages/package-01)
[4.209s] DEBUG:colcon.colcon_parallel_executor.executor.parallel:closing loop
[4.210s] DEBUG:colcon.colcon_parallel_executor.executor.parallel:loop closed
[4.211s] DEBUG:colcon.colcon_parallel_executor.executor.parallel:run_until_complete finished with '0'
[4.211s] DEBUG:colcon.colcon_core.event_reactor:joining thread
[4.250s] INFO:colcon.colcon_core.plugin_system:Skipping extension 'colcon_notification.desktop_notification.notify_send': Could not find 'notify-send'
[4.251s] INFO:colcon.colcon_core.plugin_system:Skipping extension 'colcon_notification.desktop_notification.terminal_notifier': Not used on non-Darwin systems
[4.251s] INFO:colcon.colcon_core.plugin_system:Skipping extension 'colcon_notification.desktop_notification.win32': Not used on non-Windows systems
[4.251s] INFO:colcon.colcon_notification.desktop_notification:Sending desktop notification using 'notify2'
[4.254s] DEBUG:colcon.colcon_notification.desktop_notification.notify2:Failed to initialize notify2: org.freedesktop.DBus.Error.Spawn.ExecFailed: /usr/bin/dbus-launch terminated abnormally without any error message
[4.255s] DEBUG:colcon.colcon_core.event_reactor:joined thread
[4.280s] INFO:colcon.colcon_core.shell:Creating prefix script '/root/ws/assets/package-01/install/local_setup.ps1'
[4.286s] INFO:colcon.colcon_core.shell:Creating prefix util module '/root/ws/assets/package-01/install/_local_setup_util_ps1.py'
[4.292s] INFO:colcon.colcon_core.shell:Creating prefix chain script '/root/ws/assets/package-01/install/setup.ps1'
[4.324s] INFO:colcon.colcon_core.shell:Creating prefix script '/root/ws/assets/package-01/install/local_setup.sh'
[4.330s] INFO:colcon.colcon_core.shell:Creating prefix util module '/root/ws/assets/package-01/install/_local_setup_util_sh.py'
[4.336s] INFO:colcon.colcon_core.shell:Creating prefix chain script '/root/ws/assets/package-01/install/setup.sh'
[4.368s] INFO:colcon.colcon_core.shell:Creating prefix script '/root/ws/assets/package-01/install/local_setup.bash'
[4.375s] INFO:colcon.colcon_core.shell:Creating prefix chain script '/root/ws/assets/package-01/install/setup.bash'
[4.408s] INFO:colcon.colcon_core.shell:Creating prefix script '/root/ws/assets/package-01/install/local_setup.zsh'
[4.415s] INFO:colcon.colcon_core.shell:Creating prefix chain script '/root/ws/assets/package-01/install/setup.zsh'
