[1.137s] DEBUG:colcon:Command line arguments: ['/usr/local/bin/colcon', 'build']
[1.137s] DEBUG:colcon:Parsed command line arguments: Namespace(log_base=None, log_level=None, verb_name='build', build_base='build', install_base='install', merge_install=False, symlink_install=False, test_result_base=None, continue_on_error=False, executor='parallel', parallel_workers=16, event_handlers=None, ignore_user_meta=False, metas=['./colcon.meta'], base_paths=['.'], packages_ignore=None, packages_ignore_regex=None, paths=None, packages_up_to=None, packages_up_to_regex=None, packages_above=None, packages_above_and_dependencies=None, packages_above_depth=None, packages_select_by_dep=None, packages_skip_by_dep=None, packages_skip_up_to=None, packages_select_build_failed=False, packages_skip_build_finished=False, packages_select_test_failures=False, packages_skip_test_passed=False, packages_select=None, packages_skip=None, packages_select_regex=None, packages_skip_regex=None, packages_start=None, packages_end=None, allow_overriding=[], cmake_args=None, cmake_target=None, cmake_target_skip_unavailable=False, cmake_clean_cache=False, cmake_clean_first=False, cmake_force_configure=False, ament_cmake_args=None, catkin_cmake_args=None, catkin_skip_building_tests=False, verb_parser=<colcon_defaults.argument_parser.defaults.DefaultArgumentsDecorator object at 0x7f4f8a969ed0>, verb_extension=<colcon_core.verb.build.BuildVerb object at 0x7f4f8adc3220>, main=<bound method BuildVerb.main of <colcon_core.verb.build.BuildVerb object at 0x7f4f8adc3220>>)
[1.208s] Level 1:colcon.colcon_core.package_discovery:discover_packages(colcon_meta) check parameters
[1.208s] Level 1:colcon.colcon_core.package_discovery:discover_packages(recursive) check parameters
[1.208s] Level 1:colcon.colcon_core.package_discovery:discover_packages(ignore) check parameters
[1.208s] Level 1:colcon.colcon_core.package_discovery:discover_packages(path) check parameters
[1.209s] Level 1:colcon.colcon_core.package_discovery:discover_packages(colcon_meta) discover
[1.209s] Level 1:colcon.colcon_core.package_discovery:discover_packages(recursive) discover
[1.209s] INFO:colcon.colcon_core.package_discovery:Crawling recursively for packages in '/root/ws/assets/package-01'
[1.210s] Level 1:colcon.colcon_core.package_identification:_identify(.) by extensions ['ignore', 'ignore_ament_install']
[1.210s] Level 1:colcon.colcon_core.package_identification:_identify(.) by extension 'ignore'
[1.210s] Level 1:colcon.colcon_core.package_identification:_identify(.) by extension 'ignore_ament_install'
[1.211s] Level 1:colcon.colcon_core.package_identification:_identify(.) by extensions ['colcon_pkg']
[1.211s] Level 1:colcon.colcon_core.package_identification:_identify(.) by extension 'colcon_pkg'
[1.211s] Level 1:colcon.colcon_core.package_identification:_identify(.) by extensions ['colcon_meta']
[1.211s] Level 1:colcon.colcon_core.package_identification:_identify(.) by extension 'colcon_meta'
[1.211s] Level 1:colcon.colcon_core.package_identification:_identify(.) by extensions ['ros']
[1.211s] Level 1:colcon.colcon_core.package_identification:_identify(.) by extension 'ros'
[1.251s] DEBUG:colcon.colcon_core.package_identification:Package '.' with type 'ros.ament_cmake' and name 'package-01'
[1.251s] Level 1:colcon.colcon_core.package_discovery:discover_packages(recursive) using defaults
[1.252s] Level 1:colcon.colcon_core.package_discovery:discover_packages(ignore) discover
[1.252s] Level 1:colcon.colcon_core.package_discovery:discover_packages(ignore) using defaults
[1.252s] Level 1:colcon.colcon_core.package_discovery:discover_packages(path) discover
[1.252s] Level 1:colcon.colcon_core.package_discovery:discover_packages(path) using defaults
[1.336s] Level 1:colcon.colcon_core.package_discovery:discover_packages(prefix_path) check parameters
[1.336s] Level 1:colcon.colcon_core.package_discovery:discover_packages(prefix_path) discover
[1.372s] DEBUG:colcon.colcon_installed_package_information.package_discovery:Found 123 installed packages in /root/ws/install
[1.398s] DEBUG:colcon.colcon_installed_package_information.package_discovery:Found 354 installed packages in /opt/ros/humble
[1.400s] Level 1:colcon.colcon_core.package_discovery:discover_packages(prefix_path) using defaults
[1.587s] Level 5:colcon.colcon_core.verb:set package 'package-01' build argument 'cmake_args' from command line to 'None'
[1.587s] Level 5:colcon.colcon_core.verb:set package 'package-01' build argument 'cmake_target' from command line to 'None'
[1.588s] Level 5:colcon.colcon_core.verb:set package 'package-01' build argument 'cmake_target_skip_unavailable' from command line to 'False'
[1.588s] Level 5:colcon.colcon_core.verb:set package 'package-01' build argument 'cmake_clean_cache' from command line to 'False'
[1.588s] Level 5:colcon.colcon_core.verb:set package 'package-01' build argument 'cmake_clean_first' from command line to 'False'
[1.588s] Level 5:colcon.colcon_core.verb:set package 'package-01' build argument 'cmake_force_configure' from command line to 'False'
[1.589s] Level 5:colcon.colcon_core.verb:set package 'package-01' build argument 'ament_cmake_args' from command line to 'None'
[1.589s] Level 5:colcon.colcon_core.verb:set package 'package-01' build argument 'catkin_cmake_args' from command line to 'None'
[1.589s] Level 5:colcon.colcon_core.verb:set package 'package-01' build argument 'catkin_skip_building_tests' from command line to 'False'
[1.589s] DEBUG:colcon.colcon_core.verb:Building package 'package-01' with the following arguments: {'ament_cmake_args': None, 'build_base': '/root/ws/assets/package-01/build/package-01', 'catkin_cmake_args': None, 'catkin_skip_building_tests': False, 'cmake_args': None, 'cmake_clean_cache': False, 'cmake_clean_first': False, 'cmake_force_configure': False, 'cmake_target': None, 'cmake_target_skip_unavailable': False, 'install_base': '/root/ws/assets/package-01/install/package-01', 'merge_install': False, 'path': '/root/ws/assets/package-01', 'symlink_install': False, 'test_result_base': None}
[1.602s] INFO:colcon.colcon_core.executor:Executing jobs using 'parallel' executor
[1.614s] DEBUG:colcon.colcon_parallel_executor.executor.parallel:run_until_complete
[1.614s] INFO:colcon.colcon_ros.task.ament_cmake.build:Building ROS package in '/root/ws/assets/package-01' with build type 'ament_cmake'
[1.614s] INFO:colcon.colcon_cmake.task.cmake.build:Building CMake package in '/root/ws/assets/package-01'
[1.631s] INFO:colcon.colcon_core.plugin_system:Skipping extension 'colcon_core.shell.bat': Not used on non-Windows systems
[1.632s] INFO:colcon.colcon_core.shell:Skip shell extension 'powershell' for command environment: Not usable outside of PowerShell
[1.632s] DEBUG:colcon.colcon_core.shell:Skip shell extension 'dsv' for command environment
[1.708s] DEBUG:colcon.colcon_core.event_handler.log_command:Invoking command in '/root/ws/assets/package-01/build/package-01': CMAKE_PREFIX_PATH=${CMAKE_PREFIX_PATH}:/opt/ros/humble /usr/bin/cmake /root/ws/assets/package-01 -DCMAKE_INSTALL_PREFIX=/root/ws/assets/package-01/install/package-01
[2.464s] DEBUG:colcon.colcon_core.event_handler.log_command:Invoked command in '/root/ws/assets/package-01/build/package-01' returned '0': CMAKE_PREFIX_PATH=${CMAKE_PREFIX_PATH}:/opt/ros/humble /usr/bin/cmake /root/ws/assets/package-01 -DCMAKE_INSTALL_PREFIX=/root/ws/assets/package-01/install/package-01
[2.473s] DEBUG:colcon.colcon_core.event_handler.log_command:Invoking command in '/root/ws/assets/package-01/build/package-01': CMAKE_PREFIX_PATH=${CMAKE_PREFIX_PATH}:/opt/ros/humble /usr/bin/cmake --build /root/ws/assets/package-01/build/package-01 -- -j16 -l16
[2.540s] DEBUG:colcon.colcon_core.event_handler.log_command:Invoked command in '/root/ws/assets/package-01/build/package-01' returned '0': CMAKE_PREFIX_PATH=${CMAKE_PREFIX_PATH}:/opt/ros/humble /usr/bin/cmake --build /root/ws/assets/package-01/build/package-01 -- -j16 -l16
[2.578s] DEBUG:colcon.colcon_core.event_handler.log_command:Invoking command in '/root/ws/assets/package-01/build/package-01': CMAKE_PREFIX_PATH=${CMAKE_PREFIX_PATH}:/opt/ros/humble /usr/bin/cmake --install /root/ws/assets/package-01/build/package-01
[5.760s] Level 1:colcon.colcon_core.environment:create_environment_scripts_only(package-01)
[5.761s] DEBUG:colcon.colcon_core.event_handler.log_command:Invoked command in '/root/ws/assets/package-01/build/package-01' returned '0': CMAKE_PREFIX_PATH=${CMAKE_PREFIX_PATH}:/opt/ros/humble /usr/bin/cmake --install /root/ws/assets/package-01/build/package-01
[5.782s] Level 1:colcon.colcon_core.environment:checking '/root/ws/assets/package-01/install/package-01' for CMake module files
[5.835s] Level 1:colcon.colcon_core.environment:checking '/root/ws/assets/package-01/install/package-01' for CMake config files
[5.867s] Level 1:colcon.colcon_core.shell:create_environment_hook('package-01', 'cmake_prefix_path')
[5.880s] INFO:colcon.colcon_core.shell:Creating environment hook '/root/ws/assets/package-01/install/package-01/share/package-01/hook/cmake_prefix_path.ps1'
[5.889s] INFO:colcon.colcon_core.shell:Creating environment descriptor '/root/ws/assets/package-01/install/package-01/share/package-01/hook/cmake_prefix_path.dsv'
[5.899s] INFO:colcon.colcon_core.shell:Creating environment hook '/root/ws/assets/package-01/install/package-01/share/package-01/hook/cmake_prefix_path.sh'
[5.912s] Level 1:colcon.colcon_core.environment:checking '/root/ws/assets/package-01/install/package-01/bin'
[5.913s] Level 1:colcon.colcon_core.environment:checking '/root/ws/assets/package-01/install/package-01/lib/pkgconfig/package-01.pc'
[5.914s] Level 1:colcon.colcon_core.environment:checking '/root/ws/assets/package-01/install/package-01/lib/python3.10/site-packages'
[5.915s] Level 1:colcon.colcon_core.environment:checking '/root/ws/assets/package-01/install/package-01/bin'
[5.931s] INFO:colcon.colcon_core.shell:Creating package script '/root/ws/assets/package-01/install/package-01/share/package-01/package.ps1'
[5.939s] INFO:colcon.colcon_core.shell:Creating package descriptor '/root/ws/assets/package-01/install/package-01/share/package-01/package.dsv'
[5.948s] INFO:colcon.colcon_core.shell:Creating package script '/root/ws/assets/package-01/install/package-01/share/package-01/package.sh'
[5.958s] INFO:colcon.colcon_core.shell:Creating package script '/root/ws/assets/package-01/install/package-01/share/package-01/package.bash'
[5.967s] INFO:colcon.colcon_core.shell:Creating package script '/root/ws/assets/package-01/install/package-01/share/package-01/package.zsh'
[5.976s] Level 1:colcon.colcon_core.environment:create_file_with_runtime_dependencies(/root/ws/assets/package-01/install/package-01/share/colcon-core/packages/package-01)
[6.023s] Level 1:colcon.colcon_core.environment:create_environment_scripts_only(package-01)
[6.037s] Level 1:colcon.colcon_core.environment:checking '/root/ws/assets/package-01/install/package-01' for CMake module files
[6.100s] Level 1:colcon.colcon_core.environment:checking '/root/ws/assets/package-01/install/package-01' for CMake config files
[6.140s] Level 1:colcon.colcon_core.shell:create_environment_hook('package-01', 'cmake_prefix_path')
[6.154s] INFO:colcon.colcon_core.shell:Creating environment hook '/root/ws/assets/package-01/install/package-01/share/package-01/hook/cmake_prefix_path.ps1'
[6.164s] INFO:colcon.colcon_core.shell:Creating environment descriptor '/root/ws/assets/package-01/install/package-01/share/package-01/hook/cmake_prefix_path.dsv'
[6.174s] INFO:colcon.colcon_core.shell:Creating environment hook '/root/ws/assets/package-01/install/package-01/share/package-01/hook/cmake_prefix_path.sh'
[6.186s] Level 1:colcon.colcon_core.environment:checking '/root/ws/assets/package-01/install/package-01/bin'
[6.187s] Level 1:colcon.colcon_core.environment:checking '/root/ws/assets/package-01/install/package-01/lib/pkgconfig/package-01.pc'
[6.188s] Level 1:colcon.colcon_core.environment:checking '/root/ws/assets/package-01/install/package-01/lib/python3.10/site-packages'
[6.189s] Level 1:colcon.colcon_core.environment:checking '/root/ws/assets/package-01/install/package-01/bin'
[6.203s] INFO:colcon.colcon_core.shell:Creating package script '/root/ws/assets/package-01/install/package-01/share/package-01/package.ps1'
[6.212s] INFO:colcon.colcon_core.shell:Creating package descriptor '/root/ws/assets/package-01/install/package-01/share/package-01/package.dsv'
[6.220s] INFO:colcon.colcon_core.shell:Creating package script '/root/ws/assets/package-01/install/package-01/share/package-01/package.sh'
[6.229s] INFO:colcon.colcon_core.shell:Creating package script '/root/ws/assets/package-01/install/package-01/share/package-01/package.bash'
[6.239s] INFO:colcon.colcon_core.shell:Creating package script '/root/ws/assets/package-01/install/package-01/share/package-01/package.zsh'
[6.247s] Level 1:colcon.colcon_core.environment:create_file_with_runtime_dependencies(/root/ws/assets/package-01/install/package-01/share/colcon-core/packages/package-01)
[6.253s] DEBUG:colcon.colcon_parallel_executor.executor.parallel:closing loop
[6.254s] DEBUG:colcon.colcon_parallel_executor.executor.parallel:loop closed
[6.254s] DEBUG:colcon.colcon_parallel_executor.executor.parallel:run_until_complete finished with '0'
[6.254s] DEBUG:colcon.colcon_core.event_reactor:joining thread
[6.289s] INFO:colcon.colcon_core.plugin_system:Skipping extension 'colcon_notification.desktop_notification.notify_send': Could not find 'notify-send'
[6.290s] INFO:colcon.colcon_core.plugin_system:Skipping extension 'colcon_notification.desktop_notification.terminal_notifier': Not used on non-Darwin systems
[6.290s] INFO:colcon.colcon_core.plugin_system:Skipping extension 'colcon_notification.desktop_notification.win32': Not used on non-Windows systems
[6.290s] INFO:colcon.colcon_notification.desktop_notification:Sending desktop notification using 'notify2'
[6.292s] DEBUG:colcon.colcon_notification.desktop_notification.notify2:Failed to initialize notify2: org.freedesktop.DBus.Error.Spawn.ExecFailed: /usr/bin/dbus-launch terminated abnormally without any error message
[6.293s] DEBUG:colcon.colcon_core.event_reactor:joined thread
[6.307s] INFO:colcon.colcon_core.shell:Creating prefix script '/root/ws/assets/package-01/install/local_setup.ps1'
[6.312s] INFO:colcon.colcon_core.shell:Creating prefix util module '/root/ws/assets/package-01/install/_local_setup_util_ps1.py'
[6.318s] INFO:colcon.colcon_core.shell:Creating prefix chain script '/root/ws/assets/package-01/install/setup.ps1'
[6.338s] INFO:colcon.colcon_core.shell:Creating prefix script '/root/ws/assets/package-01/install/local_setup.sh'
[6.343s] INFO:colcon.colcon_core.shell:Creating prefix util module '/root/ws/assets/package-01/install/_local_setup_util_sh.py'
[6.347s] INFO:colcon.colcon_core.shell:Creating prefix chain script '/root/ws/assets/package-01/install/setup.sh'
[6.365s] INFO:colcon.colcon_core.shell:Creating prefix script '/root/ws/assets/package-01/install/local_setup.bash'
[6.369s] INFO:colcon.colcon_core.shell:Creating prefix chain script '/root/ws/assets/package-01/install/setup.bash'
[6.387s] INFO:colcon.colcon_core.shell:Creating prefix script '/root/ws/assets/package-01/install/local_setup.zsh'
[6.391s] INFO:colcon.colcon_core.shell:Creating prefix chain script '/root/ws/assets/package-01/install/setup.zsh'
