[0.114s] Invoking command in '/root/ws/assets/package-01/build/package-01': CMAKE_PREFIX_PATH=${CMAKE_PREFIX_PATH}:/opt/ros/humble /usr/bin/cmake --build /root/ws/assets/package-01/build/package-01 -- -j16 -l16
[0.271s] Invoked command in '/root/ws/assets/package-01/build/package-01' returned '0': CMAKE_PREFIX_PATH=${CMAKE_PREFIX_PATH}:/opt/ros/humble /usr/bin/cmake --build /root/ws/assets/package-01/build/package-01 -- -j16 -l16
[0.306s] Invoking command in '/root/ws/assets/package-01/build/package-01': CMAKE_PREFIX_PATH=${CMAKE_PREFIX_PATH}:/opt/ros/humble /usr/bin/cmake --install /root/ws/assets/package-01/build/package-01
[0.319s] -- Install configuration: ""
[0.324s] -- Up-to-date: /root/ws/assets/package-01/install/package-01/share/package-01/launch
[0.340s] -- Installing: /root/ws/assets/package-01/install/package-01/share/package-01/launch/rs-igngz-test.launch.py
[0.383s] -- Installing: /root/ws/assets/package-01/install/package-01/share/package-01/launch/__pycache__
[0.405s] -- Installing: /root/ws/assets/package-01/install/package-01/share/package-01/launch/__pycache__/bridge_launch.cpython-310.pyc
[0.465s] -- Installing: /root/ws/assets/package-01/install/package-01/share/package-01/launch/__pycache__/d435_camera_bridge.launch.cpython-310.pyc
[0.518s] -- Installing: /root/ws/assets/package-01/install/package-01/share/package-01/launch/__pycache__/demo-01_sim.launch.cpython-310.pyc
[0.580s] -- Installing: /root/ws/assets/package-01/install/package-01/share/package-01/launch/__pycache__/gz_sim.launch.cpython-310.pyc
[0.632s] -- Installing: /root/ws/assets/package-01/install/package-01/share/package-01/launch/__pycache__/ign_launch.cpython-310.pyc
[0.690s] -- Installing: /root/ws/assets/package-01/install/package-01/share/package-01/launch/__pycache__/rs-igngz-test.launch.cpython-310.pyc
[0.743s] -- Installing: /root/ws/assets/package-01/install/package-01/share/package-01/launch/__pycache__/rviz_launch.cpython-310.pyc
[0.797s] -- Up-to-date: /root/ws/assets/package-01/install/package-01/share/package-01/worlds
[0.812s] -- Installing: /root/ws/assets/package-01/install/package-01/share/package-01/worlds/demo-01.sdf
[0.858s] -- Installing: /root/ws/assets/package-01/install/package-01/share/package-01/worlds/demo-01_alt.sdf
[0.908s] -- Up-to-date: /root/ws/assets/package-01/install/package-01/share/package-01/models
[0.923s] -- Up-to-date: /root/ws/assets/package-01/install/package-01/share/package-01/models/D435.sdf
[0.934s] -- Up-to-date: /root/ws/assets/package-01/install/package-01/share/package-01/models/Intel-RealSense-D435_openrobotics
[0.951s] -- Up-to-date: /root/ws/assets/package-01/install/package-01/share/package-01/models/Intel-RealSense-D435_openrobotics/materials
[0.970s] -- Up-to-date: /root/ws/assets/package-01/install/package-01/share/package-01/models/Intel-RealSense-D435_openrobotics/materials/scripts
[0.996s] -- Up-to-date: /root/ws/assets/package-01/install/package-01/share/package-01/models/Intel-RealSense-D435_openrobotics/materials/scripts/model.material
[1.016s] -- Up-to-date: /root/ws/assets/package-01/install/package-01/share/package-01/models/Intel-RealSense-D435_openrobotics/materials/scripts/model.material:Zone.Identifier
[1.031s] -- Up-to-date: /root/ws/assets/package-01/install/package-01/share/package-01/models/Intel-RealSense-D435_openrobotics/materials/textures
[1.058s] -- Up-to-date: /root/ws/assets/package-01/install/package-01/share/package-01/models/Intel-RealSense-D435_openrobotics/materials/textures/RealSense_Albedo.png
[1.078s] -- Up-to-date: /root/ws/assets/package-01/install/package-01/share/package-01/models/Intel-RealSense-D435_openrobotics/materials/textures/RealSense_Albedo.png:Zone.Identifier
[1.098s] -- Up-to-date: /root/ws/assets/package-01/install/package-01/share/package-01/models/Intel-RealSense-D435_openrobotics/materials/textures/RealSense_Metalness.png
[1.118s] -- Up-to-date: /root/ws/assets/package-01/install/package-01/share/package-01/models/Intel-RealSense-D435_openrobotics/materials/textures/RealSense_Metalness.png:Zone.Identifier
[1.138s] -- Up-to-date: /root/ws/assets/package-01/install/package-01/share/package-01/models/Intel-RealSense-D435_openrobotics/materials/textures/RealSense_Normal.png
[1.160s] -- Up-to-date: /root/ws/assets/package-01/install/package-01/share/package-01/models/Intel-RealSense-D435_openrobotics/materials/textures/RealSense_Normal.png:Zone.Identifier
[1.179s] -- Up-to-date: /root/ws/assets/package-01/install/package-01/share/package-01/models/Intel-RealSense-D435_openrobotics/materials/textures/RealSense_Roughness.png
[1.198s] -- Up-to-date: /root/ws/assets/package-01/install/package-01/share/package-01/models/Intel-RealSense-D435_openrobotics/materials/textures/RealSense_Roughness.png:Zone.Identifier
[1.212s] -- Up-to-date: /root/ws/assets/package-01/install/package-01/share/package-01/models/Intel-RealSense-D435_openrobotics/meshes
[1.235s] -- Up-to-date: /root/ws/assets/package-01/install/package-01/share/package-01/models/Intel-RealSense-D435_openrobotics/meshes/realsense.dae
[1.252s] -- Up-to-date: /root/ws/assets/package-01/install/package-01/share/package-01/models/Intel-RealSense-D435_openrobotics/meshes/realsense.dae:Zone.Identifier
[1.266s] -- Up-to-date: /root/ws/assets/package-01/install/package-01/share/package-01/models/Intel-RealSense-D435_openrobotics/model.config
[1.281s] -- Up-to-date: /root/ws/assets/package-01/install/package-01/share/package-01/models/Intel-RealSense-D435_openrobotics/model.config:Zone.Identifier
[1.296s] -- Up-to-date: /root/ws/assets/package-01/install/package-01/share/package-01/models/Intel-RealSense-D435_openrobotics/model.sdf
[1.311s] -- Up-to-date: /root/ws/assets/package-01/install/package-01/share/package-01/models/Intel-RealSense-D435_openrobotics/model.sdf:Zone.Identifier
[1.322s] -- Up-to-date: /root/ws/assets/package-01/install/package-01/share/package-01/models/Intel-RealSense-D435_openrobotics/thumbnails
[1.346s] -- Up-to-date: /root/ws/assets/package-01/install/package-01/share/package-01/models/Intel-RealSense-D435_openrobotics/thumbnails/1.png
[1.364s] -- Up-to-date: /root/ws/assets/package-01/install/package-01/share/package-01/models/Intel-RealSense-D435_openrobotics/thumbnails/1.png:Zone.Identifier
[1.381s] -- Up-to-date: /root/ws/assets/package-01/install/package-01/share/package-01/models/Intel-RealSense-D435_openrobotics/thumbnails/2.png
[1.399s] -- Up-to-date: /root/ws/assets/package-01/install/package-01/share/package-01/models/Intel-RealSense-D435_openrobotics/thumbnails/2.png:Zone.Identifier
[1.416s] -- Up-to-date: /root/ws/assets/package-01/install/package-01/share/package-01/models/Intel-RealSense-D435_openrobotics/thumbnails/3.png
[1.433s] -- Up-to-date: /root/ws/assets/package-01/install/package-01/share/package-01/models/Intel-RealSense-D435_openrobotics/thumbnails/3.png:Zone.Identifier
[1.450s] -- Up-to-date: /root/ws/assets/package-01/install/package-01/share/package-01/models/Intel-RealSense-D435_openrobotics/thumbnails/4.png
[1.467s] -- Up-to-date: /root/ws/assets/package-01/install/package-01/share/package-01/models/Intel-RealSense-D435_openrobotics/thumbnails/4.png:Zone.Identifier
[1.477s] -- Up-to-date: /root/ws/assets/package-01/install/package-01/share/package-01/config
[1.491s] -- Installing: /root/ws/assets/package-01/install/package-01/share/package-01/config/rs-igngz-general.rviz
[1.534s] -- Installing: /root/ws/assets/package-01/install/package-01/share/package-01/config/rs-igngz-test.rviz
[1.579s] -- Up-to-date: /root/ws/assets/package-01/install/package-01/share/package-01/config/rs-pointcloud-hardware.rviz
[1.590s] -- Up-to-date: /root/ws/assets/package-01/install/package-01/share/package-01/config/rs-pointcloud-igngz.rviz
[1.602s] -- Up-to-date: /root/ws/assets/package-01/install/package-01/share/package-01/config/rs-rgbd-hardware.rviz
[1.613s] -- Up-to-date: /root/ws/assets/package-01/install/package-01/share/package-01/config/rs-rgbd-igngz.rviz
[1.636s] -- Up-to-date: /root/ws/assets/package-01/install/package-01/share/ament_index/resource_index/package_run_dependencies/package-01
[1.659s] -- Up-to-date: /root/ws/assets/package-01/install/package-01/share/ament_index/resource_index/parent_prefix_path/package-01
[1.670s] -- Up-to-date: /root/ws/assets/package-01/install/package-01/share/package-01/environment/ament_prefix_path.sh
[1.686s] -- Up-to-date: /root/ws/assets/package-01/install/package-01/share/package-01/environment/ament_prefix_path.dsv
[1.697s] -- Up-to-date: /root/ws/assets/package-01/install/package-01/share/package-01/environment/path.sh
[1.712s] -- Up-to-date: /root/ws/assets/package-01/install/package-01/share/package-01/environment/path.dsv
[1.725s] -- Up-to-date: /root/ws/assets/package-01/install/package-01/share/package-01/local_setup.bash
[1.738s] -- Up-to-date: /root/ws/assets/package-01/install/package-01/share/package-01/local_setup.sh
[1.752s] -- Up-to-date: /root/ws/assets/package-01/install/package-01/share/package-01/local_setup.zsh
[1.764s] -- Up-to-date: /root/ws/assets/package-01/install/package-01/share/package-01/local_setup.dsv
[1.777s] -- Installing: /root/ws/assets/package-01/install/package-01/share/package-01/package.dsv
[1.833s] -- Up-to-date: /root/ws/assets/package-01/install/package-01/share/ament_index/resource_index/packages/package-01
[1.849s] -- Up-to-date: /root/ws/assets/package-01/install/package-01/share/package-01/cmake/package-01Config.cmake
[1.861s] -- Up-to-date: /root/ws/assets/package-01/install/package-01/share/package-01/cmake/package-01Config-version.cmake
[1.873s] -- Up-to-date: /root/ws/assets/package-01/install/package-01/share/package-01/package.xml
[1.881s] Invoked command in '/root/ws/assets/package-01/build/package-01' returned '0': CMAKE_PREFIX_PATH=${CMAKE_PREFIX_PATH}:/opt/ros/humble /usr/bin/cmake --install /root/ws/assets/package-01/build/package-01
